#
# There is insufficient memory for the Java Runtime Environment to continue.
# Native memory allocation (malloc) failed to allocate 548784 bytes for Chunk::new
# Possible reasons:
#   The system is out of physical RAM or swap space
#   The process is running with CompressedOops enabled, and the Java Heap may be blocking the growth of the native heap
# Possible solutions:
#   Reduce memory load on the system
#   Increase physical memory or swap space
#   Check if swap backing store is full
#   Decrease Java heap size (-Xmx/-Xms)
#   Decrease number of Java threads
#   Decrease Java thread stack sizes (-Xss)
#   Set larger code cache with -XX:ReservedCodeCacheSize=
#   JVM is running with Unscaled Compressed Oops mode in which the Java heap is
#     placed in the first 4GB address space. The Java Heap base address is the
#     maximum limit for the native heap growth. Please use -XX:HeapBaseMinAddress
#     to set the Java Heap base and to place the Java Heap above 4GB virtual address.
# This output file may be truncated or incomplete.
#
#  Out of Memory Error (arena.cpp:184), pid=10564, tid=16704
#
# JRE version: Java(TM) SE Runtime Environment (19.0.1+10) (build 19.0.1+10-21)
# Java VM: Java HotSpot(TM) 64-Bit Server VM (19.0.1+10-21, mixed mode, sharing, tiered, compressed oops, compressed class ptrs, g1 gc, windows-amd64)
# No core dump will be written. Minidumps are not enabled by default on client versions of Windows
#

---------------  S U M M A R Y ------------

Command Line: -Dclassworlds.conf=C:\Program Files\apache-maven-3.8.8\bin\m2.conf -Dmaven.home=C:\Program Files\apache-maven-3.8.8 -Dlibrary.jansi.path=C:\Program Files\apache-maven-3.8.8\lib\jansi-native -Dmaven.multiModuleProjectDirectory=C:\Users\hp\Desktop\master\microservices\tst\biblio\livre-service org.codehaus.plexus.classworlds.launcher.Launcher clean package -DskipTests

Host: 11th Gen Intel(R) Core(TM) i5-1135G7 @ 2.40GHz, 4 cores, 7G,  Windows 11 , 64 bit Build 22621 (10.0.22621.4391)
Time: Tue Feb  4 21:53:46 2025 Maroc (heure d64 bit Build 22621 (10.0.22621.4391) elapsed time: 0.624747 seconds (0d 0h 0m 0s)

---------------  T H R E A D  ---------------

Current thread (0x0000018e29594170):  JavaThread "C2 CompilerThread0" daemon [_thread_in_native, id=16704, stack(0x00000072ce300000,0x00000072ce400000)]


Current CompileTask:
C2:    624  962   !   4       sun.nio.cs.StreamDecoder::read (78 bytes)

Stack: [0x00000072ce300000,0x00000072ce400000]
Native frames: (J=compiled Java code, j=interpreted, Vv=VM code, C=native code)
V  [jvm.dll+0x6ee8fa]
V  [jvm.dll+0x857a1e]
V  [jvm.dll+0x85940e]
V  [jvm.dll+0x859ac3]
V  [jvm.dll+0x28291f]
V  [jvm.dll+0xc9b5f]
V  [jvm.dll+0xc9ee5]
V  [jvm.dll+0x3bcbac]
V  [jvm.dll+0x386201]
V  [jvm.dll+0x38567a]
V  [jvm.dll+0x24c2c9]
V  [jvm.dll+0x24b671]
V  [jvm.dll+0x1d6d61]
V  [jvm.dll+0x25b0fa]
V  [jvm.dll+0x259588]
V  [jvm.dll+0x807928]
V  [jvm.dll+0x8015fa]
V  [jvm.dll+0x6ed5eb]
C  [ucrtbase.dll+0x29333]
C  [KERNEL32.DLL+0x1259d]
C  [ntdll.dll+0x5af38]


---------------  P R O C E S S  ---------------

Threads class SMR info:
_java_thread_list=0x0000018e295706a0, length=12, elements={
0x0000018e0971dff0, 0x0000018e29585e90, 0x0000018e29586b70, 0x0000018e2958aa30,
0x0000018e2958c460, 0x0000018e2958d620, 0x0000018e2958e040, 0x0000018e29594170,
0x0000018e2959eef0, 0x0000018e295a28a0, 0x0000018e2d91ca50, 0x0000018e2d924a90
}

Java Threads: ( => current thread )
  0x0000018e0971dff0 JavaThread "main" [_thread_in_Java, id=16296, stack(0x00000072cd600000,0x00000072cd700000)]
  0x0000018e29585e90 JavaThread "Reference Handler" daemon [_thread_blocked, id=5572, stack(0x00000072cdd00000,0x00000072cde00000)]
  0x0000018e29586b70 JavaThread "Finalizer" daemon [_thread_blocked, id=6608, stack(0x00000072cde00000,0x00000072cdf00000)]
  0x0000018e2958aa30 JavaThread "Signal Dispatcher" daemon [_thread_blocked, id=17608, stack(0x00000072cdf00000,0x00000072ce000000)]
  0x0000018e2958c460 JavaThread "Attach Listener" daemon [_thread_blocked, id=14440, stack(0x00000072ce000000,0x00000072ce100000)]
  0x0000018e2958d620 JavaThread "Service Thread" daemon [_thread_blocked, id=16396, stack(0x00000072ce100000,0x00000072ce200000)]
  0x0000018e2958e040 JavaThread "Monitor Deflation Thread" daemon [_thread_blocked, id=18020, stack(0x00000072ce200000,0x00000072ce300000)]
=>0x0000018e29594170 JavaThread "C2 CompilerThread0" daemon [_thread_in_native, id=16704, stack(0x00000072ce300000,0x00000072ce400000)]
  0x0000018e2959eef0 JavaThread "C1 CompilerThread0" daemon [_thread_blocked, id=18408, stack(0x00000072ce400000,0x00000072ce500000)]
  0x0000018e295a28a0 JavaThread "Sweeper thread" daemon [_thread_blocked, id=18368, stack(0x00000072ce500000,0x00000072ce600000)]
  0x0000018e2d91ca50 JavaThread "Notification Thread" daemon [_thread_blocked, id=10256, stack(0x00000072ce600000,0x00000072ce700000)]
  0x0000018e2d924a90 JavaThread "Common-Cleaner" daemon [_thread_blocked, id=18316, stack(0x00000072ce800000,0x00000072ce900000)]

Other Threads:
  0x0000018e2956b560 VMThread "VM Thread" [stack: 0x00000072cdc00000,0x00000072cdd00000] [id=2288]
  0x0000018e2d9247e0 WatcherThread "VM Periodic Task Thread" [stack: 0x00000072ce700000,0x00000072ce800000] [id=16244]
  0x0000018e0b8f1860 WorkerThread "GC Thread#0" [stack: 0x00000072cd700000,0x00000072cd800000] [id=11344]
  0x0000018e2d9da9b0 WorkerThread "GC Thread#1" [stack: 0x00000072ce900000,0x00000072cea00000] [id=9132]
  0x0000018e2dfb9760 WorkerThread "GC Thread#2" [stack: 0x00000072cea00000,0x00000072ceb00000] [id=9576]
  0x0000018e2de6a240 WorkerThread "GC Thread#3" [stack: 0x00000072ceb00000,0x00000072cec00000] [id=10340]
  0x0000018e0b902900 ConcurrentGCThread "G1 Main Marker" [stack: 0x00000072cd800000,0x00000072cd900000] [id=17804]
  0x0000018e0b903330 WorkerThread "G1 Conc#0" [stack: 0x00000072cd900000,0x00000072cda00000] [id=15632]
  0x0000018e29424ff0 ConcurrentGCThread "G1 Refine#0" [stack: 0x00000072cda00000,0x00000072cdb00000] [id=17568]
  0x0000018e29425b30 ConcurrentGCThread "G1 Service" [stack: 0x00000072cdb00000,0x00000072cdc00000] [id=9948]

Threads with active compile tasks:
C2 CompilerThread0      641  962   !   4       sun.nio.cs.StreamDecoder::read (78 bytes)

VM state: not at safepoint (normal execution)

VM Mutex/Monitor currently owned by a thread: None

Heap address: 0x0000000084000000, size: 1984 MB, Compressed Oops mode: 32-bit

CDS archive(s) mapped at: [0x0000000800000000-0x0000000800c40000-0x0000000800c40000), size 12845056, SharedBaseAddress: 0x0000000800000000, ArchiveRelocationMode: 0.
Compressed class space mapped at: 0x0000000801000000-0x0000000841000000, reserved size: 1073741824
Narrow klass base: 0x0000000800000000, Narrow klass shift: 0, Narrow klass range: 0x100000000

GC Precious Log:
 CardTable entry size: 512
 Card Set container configuration: InlinePtr #cards 5 size 8 Array Of Cards #cards 12 size 40 Howl #buckets 4 coarsen threshold 1843 Howl Bitmap #cards 512 size 80 coarsen threshold 460 Card regions per heap region 1 cards per card region 2048
 CPUs: 4 total, 4 available
 Memory: 7932M
 Large Page Support: Disabled
 NUMA Support: Disabled
 Compressed Oops: Enabled (32-bit)
 Heap Region Size: 1M
 Heap Min Capacity: 8M
 Heap Initial Capacity: 124M
 Heap Max Capacity: 1984M
 Pre-touch: Disabled
 Parallel Workers: 4
 Concurrent Workers: 1
 Concurrent Refinement Workers: 4
 Periodic GC: Disabled

Heap:
 garbage-first heap   total 126976K, used 9232K [0x0000000084000000, 0x0000000100000000)
  region size 1024K, 9 young (9216K), 2 survivors (2048K)
 Metaspace       used 4880K, committed 5056K, reserved 1114112K
  class space    used 542K, committed 640K, reserved 1048576K

Heap Regions: E=young(eden), S=young(survivor), O=old, HS=humongous(starts), HC=humongous(continues), CS=collection set, F=free, OA=open archive, CA=closed archive, TAMS=top-at-mark-start (previous, next)
|   0|0x0000000084000000, 0x0000000084100000, 0x0000000084100000|100%| O|  |TAMS 0x0000000084000000, 0x0000000084000000| Untracked 
|   1|0x0000000084100000, 0x0000000084104000, 0x0000000084200000|  1%| O|  |TAMS 0x0000000084100000, 0x0000000084100000| Untracked 
|   2|0x0000000084200000, 0x0000000084200000, 0x0000000084300000|  0%| F|  |TAMS 0x0000000084200000, 0x0000000084200000| Untracked 
|   3|0x0000000084300000, 0x0000000084300000, 0x0000000084400000|  0%| F|  |TAMS 0x0000000084300000, 0x0000000084300000| Untracked 
|   4|0x0000000084400000, 0x0000000084400000, 0x0000000084500000|  0%| F|  |TAMS 0x0000000084400000, 0x0000000084400000| Untracked 
|   5|0x0000000084500000, 0x0000000084500000, 0x0000000084600000|  0%| F|  |TAMS 0x0000000084500000, 0x0000000084500000| Untracked 
|   6|0x0000000084600000, 0x0000000084600000, 0x0000000084700000|  0%| F|  |TAMS 0x0000000084600000, 0x0000000084600000| Untracked 
|   7|0x0000000084700000, 0x0000000084700000, 0x0000000084800000|  0%| F|  |TAMS 0x0000000084700000, 0x0000000084700000| Untracked 
|   8|0x0000000084800000, 0x0000000084800000, 0x0000000084900000|  0%| F|  |TAMS 0x0000000084800000, 0x0000000084800000| Untracked 
|   9|0x0000000084900000, 0x0000000084900000, 0x0000000084a00000|  0%| F|  |TAMS 0x0000000084900000, 0x0000000084900000| Untracked 
|  10|0x0000000084a00000, 0x0000000084a00000, 0x0000000084b00000|  0%| F|  |TAMS 0x0000000084a00000, 0x0000000084a00000| Untracked 
|  11|0x0000000084b00000, 0x0000000084b00000, 0x0000000084c00000|  0%| F|  |TAMS 0x0000000084b00000, 0x0000000084b00000| Untracked 
|  12|0x0000000084c00000, 0x0000000084c00000, 0x0000000084d00000|  0%| F|  |TAMS 0x0000000084c00000, 0x0000000084c00000| Untracked 
|  13|0x0000000084d00000, 0x0000000084d00000, 0x0000000084e00000|  0%| F|  |TAMS 0x0000000084d00000, 0x0000000084d00000| Untracked 
|  14|0x0000000084e00000, 0x0000000084e00000, 0x0000000084f00000|  0%| F|  |TAMS 0x0000000084e00000, 0x0000000084e00000| Untracked 
|  15|0x0000000084f00000, 0x0000000084f00000, 0x0000000085000000|  0%| F|  |TAMS 0x0000000084f00000, 0x0000000084f00000| Untracked 
|  16|0x0000000085000000, 0x0000000085000000, 0x0000000085100000|  0%| F|  |TAMS 0x0000000085000000, 0x0000000085000000| Untracked 
|  17|0x0000000085100000, 0x0000000085100000, 0x0000000085200000|  0%| F|  |TAMS 0x0000000085100000, 0x0000000085100000| Untracked 
|  18|0x0000000085200000, 0x0000000085200000, 0x0000000085300000|  0%| F|  |TAMS 0x0000000085200000, 0x0000000085200000| Untracked 
|  19|0x0000000085300000, 0x0000000085300000, 0x0000000085400000|  0%| F|  |TAMS 0x0000000085300000, 0x0000000085300000| Untracked 
|  20|0x0000000085400000, 0x0000000085400000, 0x0000000085500000|  0%| F|  |TAMS 0x0000000085400000, 0x0000000085400000| Untracked 
|  21|0x0000000085500000, 0x0000000085500000, 0x0000000085600000|  0%| F|  |TAMS 0x0000000085500000, 0x0000000085500000| Untracked 
|  22|0x0000000085600000, 0x0000000085600000, 0x0000000085700000|  0%| F|  |TAMS 0x0000000085600000, 0x0000000085600000| Untracked 
|  23|0x0000000085700000, 0x0000000085700000, 0x0000000085800000|  0%| F|  |TAMS 0x0000000085700000, 0x0000000085700000| Untracked 
|  24|0x0000000085800000, 0x0000000085800000, 0x0000000085900000|  0%| F|  |TAMS 0x0000000085800000, 0x0000000085800000| Untracked 
|  25|0x0000000085900000, 0x0000000085900000, 0x0000000085a00000|  0%| F|  |TAMS 0x0000000085900000, 0x0000000085900000| Untracked 
|  26|0x0000000085a00000, 0x0000000085a00000, 0x0000000085b00000|  0%| F|  |TAMS 0x0000000085a00000, 0x0000000085a00000| Untracked 
|  27|0x0000000085b00000, 0x0000000085b00000, 0x0000000085c00000|  0%| F|  |TAMS 0x0000000085b00000, 0x0000000085b00000| Untracked 
|  28|0x0000000085c00000, 0x0000000085c00000, 0x0000000085d00000|  0%| F|  |TAMS 0x0000000085c00000, 0x0000000085c00000| Untracked 
|  29|0x0000000085d00000, 0x0000000085d00000, 0x0000000085e00000|  0%| F|  |TAMS 0x0000000085d00000, 0x0000000085d00000| Untracked 
|  30|0x0000000085e00000, 0x0000000085e00000, 0x0000000085f00000|  0%| F|  |TAMS 0x0000000085e00000, 0x0000000085e00000| Untracked 
|  31|0x0000000085f00000, 0x0000000085f00000, 0x0000000086000000|  0%| F|  |TAMS 0x0000000085f00000, 0x0000000085f00000| Untracked 
|  32|0x0000000086000000, 0x0000000086000000, 0x0000000086100000|  0%| F|  |TAMS 0x0000000086000000, 0x0000000086000000| Untracked 
|  33|0x0000000086100000, 0x0000000086100000, 0x0000000086200000|  0%| F|  |TAMS 0x0000000086100000, 0x0000000086100000| Untracked 
|  34|0x0000000086200000, 0x0000000086200000, 0x0000000086300000|  0%| F|  |TAMS 0x0000000086200000, 0x0000000086200000| Untracked 
|  35|0x0000000086300000, 0x0000000086300000, 0x0000000086400000|  0%| F|  |TAMS 0x0000000086300000, 0x0000000086300000| Untracked 
|  36|0x0000000086400000, 0x0000000086400000, 0x0000000086500000|  0%| F|  |TAMS 0x0000000086400000, 0x0000000086400000| Untracked 
|  37|0x0000000086500000, 0x0000000086500000, 0x0000000086600000|  0%| F|  |TAMS 0x0000000086500000, 0x0000000086500000| Untracked 
|  38|0x0000000086600000, 0x0000000086600000, 0x0000000086700000|  0%| F|  |TAMS 0x0000000086600000, 0x0000000086600000| Untracked 
|  39|0x0000000086700000, 0x0000000086700000, 0x0000000086800000|  0%| F|  |TAMS 0x0000000086700000, 0x0000000086700000| Untracked 
|  40|0x0000000086800000, 0x0000000086800000, 0x0000000086900000|  0%| F|  |TAMS 0x0000000086800000, 0x0000000086800000| Untracked 
|  41|0x0000000086900000, 0x0000000086900000, 0x0000000086a00000|  0%| F|  |TAMS 0x0000000086900000, 0x0000000086900000| Untracked 
|  42|0x0000000086a00000, 0x0000000086a00000, 0x0000000086b00000|  0%| F|  |TAMS 0x0000000086a00000, 0x0000000086a00000| Untracked 
|  43|0x0000000086b00000, 0x0000000086b00000, 0x0000000086c00000|  0%| F|  |TAMS 0x0000000086b00000, 0x0000000086b00000| Untracked 
|  44|0x0000000086c00000, 0x0000000086c00000, 0x0000000086d00000|  0%| F|  |TAMS 0x0000000086c00000, 0x0000000086c00000| Untracked 
|  45|0x0000000086d00000, 0x0000000086d00000, 0x0000000086e00000|  0%| F|  |TAMS 0x0000000086d00000, 0x0000000086d00000| Untracked 
|  46|0x0000000086e00000, 0x0000000086e00000, 0x0000000086f00000|  0%| F|  |TAMS 0x0000000086e00000, 0x0000000086e00000| Untracked 
|  47|0x0000000086f00000, 0x0000000086f00000, 0x0000000087000000|  0%| F|  |TAMS 0x0000000086f00000, 0x0000000086f00000| Untracked 
|  48|0x0000000087000000, 0x0000000087000000, 0x0000000087100000|  0%| F|  |TAMS 0x0000000087000000, 0x0000000087000000| Untracked 
|  49|0x0000000087100000, 0x0000000087100000, 0x0000000087200000|  0%| F|  |TAMS 0x0000000087100000, 0x0000000087100000| Untracked 
|  50|0x0000000087200000, 0x0000000087200000, 0x0000000087300000|  0%| F|  |TAMS 0x0000000087200000, 0x0000000087200000| Untracked 
|  51|0x0000000087300000, 0x0000000087300000, 0x0000000087400000|  0%| F|  |TAMS 0x0000000087300000, 0x0000000087300000| Untracked 
|  52|0x0000000087400000, 0x0000000087400000, 0x0000000087500000|  0%| F|  |TAMS 0x0000000087400000, 0x0000000087400000| Untracked 
|  53|0x0000000087500000, 0x0000000087500000, 0x0000000087600000|  0%| F|  |TAMS 0x0000000087500000, 0x0000000087500000| Untracked 
|  54|0x0000000087600000, 0x0000000087600000, 0x0000000087700000|  0%| F|  |TAMS 0x0000000087600000, 0x0000000087600000| Untracked 
|  55|0x0000000087700000, 0x0000000087700000, 0x0000000087800000|  0%| F|  |TAMS 0x0000000087700000, 0x0000000087700000| Untracked 
|  56|0x0000000087800000, 0x0000000087800000, 0x0000000087900000|  0%| F|  |TAMS 0x0000000087800000, 0x0000000087800000| Untracked 
|  57|0x0000000087900000, 0x0000000087900000, 0x0000000087a00000|  0%| F|  |TAMS 0x0000000087900000, 0x0000000087900000| Untracked 
|  58|0x0000000087a00000, 0x0000000087a00000, 0x0000000087b00000|  0%| F|  |TAMS 0x0000000087a00000, 0x0000000087a00000| Untracked 
|  59|0x0000000087b00000, 0x0000000087b00000, 0x0000000087c00000|  0%| F|  |TAMS 0x0000000087b00000, 0x0000000087b00000| Untracked 
|  60|0x0000000087c00000, 0x0000000087c00000, 0x0000000087d00000|  0%| F|  |TAMS 0x0000000087c00000, 0x0000000087c00000| Untracked 
|  61|0x0000000087d00000, 0x0000000087d00000, 0x0000000087e00000|  0%| F|  |TAMS 0x0000000087d00000, 0x0000000087d00000| Untracked 
|  62|0x0000000087e00000, 0x0000000087e00000, 0x0000000087f00000|  0%| F|  |TAMS 0x0000000087e00000, 0x0000000087e00000| Untracked 
|  63|0x0000000087f00000, 0x0000000087f00000, 0x0000000088000000|  0%| F|  |TAMS 0x0000000087f00000, 0x0000000087f00000| Untracked 
|  64|0x0000000088000000, 0x0000000088000000, 0x0000000088100000|  0%| F|  |TAMS 0x0000000088000000, 0x0000000088000000| Untracked 
|  65|0x0000000088100000, 0x0000000088100000, 0x0000000088200000|  0%| F|  |TAMS 0x0000000088100000, 0x0000000088100000| Untracked 
|  66|0x0000000088200000, 0x0000000088200000, 0x0000000088300000|  0%| F|  |TAMS 0x0000000088200000, 0x0000000088200000| Untracked 
|  67|0x0000000088300000, 0x0000000088300000, 0x0000000088400000|  0%| F|  |TAMS 0x0000000088300000, 0x0000000088300000| Untracked 
|  68|0x0000000088400000, 0x0000000088400000, 0x0000000088500000|  0%| F|  |TAMS 0x0000000088400000, 0x0000000088400000| Untracked 
|  69|0x0000000088500000, 0x0000000088500000, 0x0000000088600000|  0%| F|  |TAMS 0x0000000088500000, 0x0000000088500000| Untracked 
|  70|0x0000000088600000, 0x0000000088600000, 0x0000000088700000|  0%| F|  |TAMS 0x0000000088600000, 0x0000000088600000| Untracked 
|  71|0x0000000088700000, 0x0000000088700000, 0x0000000088800000|  0%| F|  |TAMS 0x0000000088700000, 0x0000000088700000| Untracked 
|  72|0x0000000088800000, 0x0000000088800000, 0x0000000088900000|  0%| F|  |TAMS 0x0000000088800000, 0x0000000088800000| Untracked 
|  73|0x0000000088900000, 0x0000000088900000, 0x0000000088a00000|  0%| F|  |TAMS 0x0000000088900000, 0x0000000088900000| Untracked 
|  74|0x0000000088a00000, 0x0000000088a00000, 0x0000000088b00000|  0%| F|  |TAMS 0x0000000088a00000, 0x0000000088a00000| Untracked 
|  75|0x0000000088b00000, 0x0000000088b00000, 0x0000000088c00000|  0%| F|  |TAMS 0x0000000088b00000, 0x0000000088b00000| Untracked 
|  76|0x0000000088c00000, 0x0000000088c00000, 0x0000000088d00000|  0%| F|  |TAMS 0x0000000088c00000, 0x0000000088c00000| Untracked 
|  77|0x0000000088d00000, 0x0000000088d00000, 0x0000000088e00000|  0%| F|  |TAMS 0x0000000088d00000, 0x0000000088d00000| Untracked 
|  78|0x0000000088e00000, 0x0000000088e00000, 0x0000000088f00000|  0%| F|  |TAMS 0x0000000088e00000, 0x0000000088e00000| Untracked 
|  79|0x0000000088f00000, 0x0000000088f00000, 0x0000000089000000|  0%| F|  |TAMS 0x0000000088f00000, 0x0000000088f00000| Untracked 
|  80|0x0000000089000000, 0x0000000089000000, 0x0000000089100000|  0%| F|  |TAMS 0x0000000089000000, 0x0000000089000000| Untracked 
|  81|0x0000000089100000, 0x0000000089100000, 0x0000000089200000|  0%| F|  |TAMS 0x0000000089100000, 0x0000000089100000| Untracked 
|  82|0x0000000089200000, 0x0000000089200000, 0x0000000089300000|  0%| F|  |TAMS 0x0000000089200000, 0x0000000089200000| Untracked 
|  83|0x0000000089300000, 0x0000000089300000, 0x0000000089400000|  0%| F|  |TAMS 0x0000000089300000, 0x0000000089300000| Untracked 
|  84|0x0000000089400000, 0x0000000089400000, 0x0000000089500000|  0%| F|  |TAMS 0x0000000089400000, 0x0000000089400000| Untracked 
|  85|0x0000000089500000, 0x0000000089500000, 0x0000000089600000|  0%| F|  |TAMS 0x0000000089500000, 0x0000000089500000| Untracked 
|  86|0x0000000089600000, 0x0000000089600000, 0x0000000089700000|  0%| F|  |TAMS 0x0000000089600000, 0x0000000089600000| Untracked 
|  87|0x0000000089700000, 0x0000000089700000, 0x0000000089800000|  0%| F|  |TAMS 0x0000000089700000, 0x0000000089700000| Untracked 
|  88|0x0000000089800000, 0x0000000089800000, 0x0000000089900000|  0%| F|  |TAMS 0x0000000089800000, 0x0000000089800000| Untracked 
|  89|0x0000000089900000, 0x0000000089900000, 0x0000000089a00000|  0%| F|  |TAMS 0x0000000089900000, 0x0000000089900000| Untracked 
|  90|0x0000000089a00000, 0x0000000089a00000, 0x0000000089b00000|  0%| F|  |TAMS 0x0000000089a00000, 0x0000000089a00000| Untracked 
|  91|0x0000000089b00000, 0x0000000089b00000, 0x0000000089c00000|  0%| F|  |TAMS 0x0000000089b00000, 0x0000000089b00000| Untracked 
|  92|0x0000000089c00000, 0x0000000089c00000, 0x0000000089d00000|  0%| F|  |TAMS 0x0000000089c00000, 0x0000000089c00000| Untracked 
|  93|0x0000000089d00000, 0x0000000089d00000, 0x0000000089e00000|  0%| F|  |TAMS 0x0000000089d00000, 0x0000000089d00000| Untracked 
|  94|0x0000000089e00000, 0x0000000089e00000, 0x0000000089f00000|  0%| F|  |TAMS 0x0000000089e00000, 0x0000000089e00000| Untracked 
|  95|0x0000000089f00000, 0x0000000089f00000, 0x000000008a000000|  0%| F|  |TAMS 0x0000000089f00000, 0x0000000089f00000| Untracked 
|  96|0x000000008a000000, 0x000000008a000000, 0x000000008a100000|  0%| F|  |TAMS 0x000000008a000000, 0x000000008a000000| Untracked 
|  97|0x000000008a100000, 0x000000008a100000, 0x000000008a200000|  0%| F|  |TAMS 0x000000008a100000, 0x000000008a100000| Untracked 
|  98|0x000000008a200000, 0x000000008a200000, 0x000000008a300000|  0%| F|  |TAMS 0x000000008a200000, 0x000000008a200000| Untracked 
|  99|0x000000008a300000, 0x000000008a300000, 0x000000008a400000|  0%| F|  |TAMS 0x000000008a300000, 0x000000008a300000| Untracked 
| 100|0x000000008a400000, 0x000000008a400000, 0x000000008a500000|  0%| F|  |TAMS 0x000000008a400000, 0x000000008a400000| Untracked 
| 101|0x000000008a500000, 0x000000008a500000, 0x000000008a600000|  0%| F|  |TAMS 0x000000008a500000, 0x000000008a500000| Untracked 
| 102|0x000000008a600000, 0x000000008a600000, 0x000000008a700000|  0%| F|  |TAMS 0x000000008a600000, 0x000000008a600000| Untracked 
| 103|0x000000008a700000, 0x000000008a700000, 0x000000008a800000|  0%| F|  |TAMS 0x000000008a700000, 0x000000008a700000| Untracked 
| 104|0x000000008a800000, 0x000000008a800000, 0x000000008a900000|  0%| F|  |TAMS 0x000000008a800000, 0x000000008a800000| Untracked 
| 105|0x000000008a900000, 0x000000008a900000, 0x000000008aa00000|  0%| F|  |TAMS 0x000000008a900000, 0x000000008a900000| Untracked 
| 106|0x000000008aa00000, 0x000000008aa00000, 0x000000008ab00000|  0%| F|  |TAMS 0x000000008aa00000, 0x000000008aa00000| Untracked 
| 107|0x000000008ab00000, 0x000000008ab00000, 0x000000008ac00000|  0%| F|  |TAMS 0x000000008ab00000, 0x000000008ab00000| Untracked 
| 108|0x000000008ac00000, 0x000000008ac00000, 0x000000008ad00000|  0%| F|  |TAMS 0x000000008ac00000, 0x000000008ac00000| Untracked 
| 109|0x000000008ad00000, 0x000000008ae00000, 0x000000008ae00000|100%| S|CS|TAMS 0x000000008ad00000, 0x000000008ad00000| Complete 
| 110|0x000000008ae00000, 0x000000008af00000, 0x000000008af00000|100%| S|CS|TAMS 0x000000008ae00000, 0x000000008ae00000| Complete 
| 111|0x000000008af00000, 0x000000008af00000, 0x000000008b000000|  0%| F|  |TAMS 0x000000008af00000, 0x000000008af00000| Untracked 
| 112|0x000000008b000000, 0x000000008b000000, 0x000000008b100000|  0%| F|  |TAMS 0x000000008b000000, 0x000000008b000000| Untracked 
| 113|0x000000008b100000, 0x000000008b100000, 0x000000008b200000|  0%| F|  |TAMS 0x000000008b100000, 0x000000008b100000| Untracked 
| 114|0x000000008b200000, 0x000000008b200000, 0x000000008b300000|  0%| F|  |TAMS 0x000000008b200000, 0x000000008b200000| Untracked 
| 115|0x000000008b300000, 0x000000008b300000, 0x000000008b400000|  0%| F|  |TAMS 0x000000008b300000, 0x000000008b300000| Untracked 
| 116|0x000000008b400000, 0x000000008b4377c8, 0x000000008b500000| 21%| E|  |TAMS 0x000000008b400000, 0x000000008b400000| Complete 
| 117|0x000000008b500000, 0x000000008b600000, 0x000000008b600000|100%| E|CS|TAMS 0x000000008b500000, 0x000000008b500000| Complete 
| 118|0x000000008b600000, 0x000000008b700000, 0x000000008b700000|100%| E|CS|TAMS 0x000000008b600000, 0x000000008b600000| Complete 
| 119|0x000000008b700000, 0x000000008b800000, 0x000000008b800000|100%| E|CS|TAMS 0x000000008b700000, 0x000000008b700000| Complete 
| 120|0x000000008b800000, 0x000000008b900000, 0x000000008b900000|100%| E|CS|TAMS 0x000000008b800000, 0x000000008b800000| Complete 
| 121|0x000000008b900000, 0x000000008ba00000, 0x000000008ba00000|100%| E|CS|TAMS 0x000000008b900000, 0x000000008b900000| Complete 
| 122|0x000000008ba00000, 0x000000008bb00000, 0x000000008bb00000|100%| E|CS|TAMS 0x000000008ba00000, 0x000000008ba00000| Complete 
| 123|0x000000008bb00000, 0x000000008bc00000, 0x000000008bc00000|100%| E|CS|TAMS 0x000000008bb00000, 0x000000008bb00000| Complete 

Card table byte_map: [0x0000018e22bd0000,0x0000018e22fb0000] _byte_map_base: 0x0000018e227b0000

Marking Bits (Prev, Next): (CMBitMap*) 0x0000018e0b8f1e90, (CMBitMap*) 0x0000018e0b8f1ed0
 Prev Bits: [0x0000018e23390000, 0x0000018e25290000)
 Next Bits: [0x0000018e25290000, 0x0000018e27190000)

Polling page: 0x0000018e0b050000

Metaspace:

Usage:
  Non-class:      4.26 MB used.
      Class:    546.62 KB used.
       Both:      4.80 MB used.

Virtual space:
  Non-class space:       64.00 MB reserved,       4.31 MB (  7%) committed,  1 nodes.
      Class space:        1.00 GB reserved,     640.00 KB ( <1%) committed,  1 nodes.
             Both:        1.06 GB reserved,       4.94 MB ( <1%) committed. 

Chunk freelists:
   Non-Class:  1.38 MB
       Class:  3.34 MB
        Both:  4.72 MB

MaxMetaspaceSize: unlimited
CompressedClassSpaceSize: 1.00 GB
Initial GC threshold: 21.00 MB
Current GC threshold: 21.00 MB
CDS: on
MetaspaceReclaimPolicy: balanced
 - commit_granule_bytes: 65536.
 - commit_granule_words: 8192.
 - virtual_space_node_default_size: 8388608.
 - enlarge_chunks_in_place: 1.
 - new_chunks_are_fully_committed: 0.
 - uncommit_free_chunks: 1.
 - use_allocation_guard: 0.


Internal statistics:

num_allocs_failed_limit: 0.
num_arena_births: 34.
num_arena_deaths: 0.
num_vsnodes_births: 2.
num_vsnodes_deaths: 0.
num_space_committed: 79.
num_space_uncommitted: 0.
num_chunks_returned_to_freelist: 0.
num_chunks_taken_from_freelist: 162.
num_chunk_merges: 0.
num_chunk_splits: 119.
num_chunks_enlarged: 104.
num_inconsistent_stats: 0.

CodeHeap 'non-profiled nmethods': size=120000Kb used=267Kb max_used=267Kb free=119732Kb
 bounds [0x0000018e1b2c0000, 0x0000018e1b530000, 0x0000018e227f0000]
CodeHeap 'profiled nmethods': size=120000Kb used=1996Kb max_used=1996Kb free=118003Kb
 bounds [0x0000018e137f0000, 0x0000018e13a60000, 0x0000018e1ad20000]
CodeHeap 'non-nmethods': size=5760Kb used=1256Kb max_used=1271Kb free=4503Kb
 bounds [0x0000018e1ad20000, 0x0000018e1af90000, 0x0000018e1b2c0000]
 total_blobs=1436 nmethods=985 adapters=362
 compilation: enabled
              stopped_count=0, restarted_count=0
 full_count=0

Compilation events (20 events):
Event: 0.617 Thread 0x0000018e2959eef0  943   !   3       sun.nio.cs.StreamDecoder::read0 (59 bytes)
Event: 0.617 Thread 0x0000018e2959eef0 nmethod 943 0x0000018e139c4290 code [0x0000018e139c4520, 0x0000018e139c5338]
Event: 0.617 Thread 0x0000018e2959eef0  951       3       sun.nio.cs.StreamDecoder::lockedRead0 (95 bytes)
Event: 0.617 Thread 0x0000018e2959eef0 nmethod 951 0x0000018e139c5810 code [0x0000018e139c59e0, 0x0000018e139c5d68]
Event: 0.617 Thread 0x0000018e2959eef0  968       3       java.util.zip.ZipFile$InflaterCleanupAction::run (12 bytes)
Event: 0.617 Thread 0x0000018e2959eef0 nmethod 968 0x0000018e139c5e10 code [0x0000018e139c5fc0, 0x0000018e139c6108]
Event: 0.617 Thread 0x0000018e2959eef0  969   !   3       java.util.zip.ZipFile$CleanableResource::releaseInflater (53 bytes)
Event: 0.617 Thread 0x0000018e2959eef0 nmethod 969 0x0000018e139c6210 code [0x0000018e139c6400, 0x0000018e139c6828]
Event: 0.617 Thread 0x0000018e2959eef0  967       3       org.codehaus.plexus.util.xml.pull.MXParser::isS (30 bytes)
Event: 0.617 Thread 0x0000018e2959eef0 nmethod 967 0x0000018e139c6a10 code [0x0000018e139c6bc0, 0x0000018e139c6dd8]
Event: 0.618 Thread 0x0000018e2959eef0  971       3       org.codehaus.plexus.util.xml.pull.MXParser::isNameStartChar (63 bytes)
Event: 0.618 Thread 0x0000018e2959eef0 nmethod 971 0x0000018e139c6e90 code [0x0000018e139c7040, 0x0000018e139c7398]
Event: 0.618 Thread 0x0000018e2959eef0  973       3       org.codehaus.plexus.util.xml.pull.MXParser::parseEndTag (434 bytes)
Event: 0.619 Thread 0x0000018e2959eef0 nmethod 973 0x0000018e139c7490 code [0x0000018e139c7a40, 0x0000018e139c9fc8]
Event: 0.619 Thread 0x0000018e2959eef0  972       3       org.codehaus.plexus.util.xml.pull.MXParser::parseStartTag (1195 bytes)
Event: 0.621 Thread 0x0000018e2959eef0 nmethod 972 0x0000018e139cb110 code [0x0000018e139cbb00, 0x0000018e139d1638]
Event: 0.622 Thread 0x0000018e2959eef0  974       3       java.util.HashMap::<init> (11 bytes)
Event: 0.622 Thread 0x0000018e2959eef0 nmethod 974 0x0000018e139d3b90 code [0x0000018e139d3d40, 0x0000018e139d3f18]
Event: 0.622 Thread 0x0000018e2959eef0  975       1       org.codehaus.plexus.util.xml.pull.MXParser::getEventType (5 bytes)
Event: 0.622 Thread 0x0000018e2959eef0 nmethod 975 0x0000018e1b302810 code [0x0000018e1b3029a0, 0x0000018e1b302a58]

GC Heap History (2 events):
Event: 0.546 GC heap before
{Heap before GC invocations=0 (full 0):
 garbage-first heap   total 126976K, used 13312K [0x0000000084000000, 0x0000000100000000)
  region size 1024K, 13 young (13312K), 0 survivors (0K)
 Metaspace       used 3824K, committed 3968K, reserved 1114112K
  class space    used 399K, committed 448K, reserved 1048576K
}
Event: 0.550 GC heap after
{Heap after GC invocations=1 (full 0):
 garbage-first heap   total 126976K, used 3088K [0x0000000084000000, 0x0000000100000000)
  region size 1024K, 2 young (2048K), 2 survivors (2048K)
 Metaspace       used 3824K, committed 3968K, reserved 1114112K
  class space    used 399K, committed 448K, reserved 1048576K
}

Dll operation events (8 events):
Event: 0.023 Loaded shared library C:\Program Files\Java\jdk-19\bin\java.dll
Event: 0.098 Loaded shared library C:\Program Files\Java\jdk-19\bin\jsvml.dll
Event: 0.170 Loaded shared library C:\Program Files\Java\jdk-19\bin\net.dll
Event: 0.171 Loaded shared library C:\Program Files\Java\jdk-19\bin\nio.dll
Event: 0.177 Loaded shared library C:\Program Files\Java\jdk-19\bin\zip.dll
Event: 0.301 Loaded shared library C:\Program Files\Java\jdk-19\bin\jimage.dll
Event: 0.311 Loaded shared library C:\Program Files\apache-maven-3.8.8\lib\jansi-native\Windows\x86_64\jansi.dll
Event: 0.321 Loaded shared library C:\Program Files\Java\jdk-19\bin\verify.dll

Deoptimization events (20 events):
Event: 0.433 Thread 0x0000018e0971dff0 DEOPT PACKING pc=0x0000018e1b2c7714 sp=0x00000072cd6fe1e0
Event: 0.433 Thread 0x0000018e0971dff0 DEOPT UNPACKING pc=0x0000018e1ad8a5a3 sp=0x00000072cd6fe108 mode 2
Event: 0.451 Thread 0x0000018e0971dff0 DEOPT PACKING pc=0x0000018e138490e5 sp=0x00000072cd6fa4e0
Event: 0.451 Thread 0x0000018e0971dff0 DEOPT UNPACKING pc=0x0000018e1ad8b0e3 sp=0x00000072cd6f9930 mode 0
Event: 0.467 Thread 0x0000018e0971dff0 Uncommon trap: trap_request=0xffffff45 fr.pc=0x0000018e1b2e4ddc relative=0x00000000000000bc
Event: 0.467 Thread 0x0000018e0971dff0 Uncommon trap: reason=unstable_if action=reinterpret pc=0x0000018e1b2e4ddc method=java.util.concurrent.locks.ReentrantLock$Sync.tryRelease(I)Z @ 26 c2
Event: 0.467 Thread 0x0000018e0971dff0 DEOPT PACKING pc=0x0000018e1b2e4ddc sp=0x00000072cd6fdae0
Event: 0.467 Thread 0x0000018e0971dff0 DEOPT UNPACKING pc=0x0000018e1ad8a5a3 sp=0x00000072cd6fda80 mode 2
Event: 0.515 Thread 0x0000018e0971dff0 DEOPT PACKING pc=0x0000018e1382473e sp=0x00000072cd6fa1d0
Event: 0.515 Thread 0x0000018e0971dff0 DEOPT UNPACKING pc=0x0000018e1ad8b0e3 sp=0x00000072cd6f9648 mode 0
Event: 0.555 Thread 0x0000018e0971dff0 DEOPT PACKING pc=0x0000018e139371bf sp=0x00000072cd6fc6b0
Event: 0.555 Thread 0x0000018e0971dff0 DEOPT UNPACKING pc=0x0000018e1ad8b0e3 sp=0x00000072cd6fbb38 mode 0
Event: 0.607 Thread 0x0000018e0971dff0 Uncommon trap: trap_request=0xffffffde fr.pc=0x0000018e1b2eca20 relative=0x0000000000000520
Event: 0.607 Thread 0x0000018e0971dff0 Uncommon trap: reason=class_check action=maybe_recompile pc=0x0000018e1b2eca20 method=java.util.regex.Matcher.search(I)Z @ 121 c2
Event: 0.607 Thread 0x0000018e0971dff0 DEOPT PACKING pc=0x0000018e1b2eca20 sp=0x00000072cd6fdfa0
Event: 0.607 Thread 0x0000018e0971dff0 DEOPT UNPACKING pc=0x0000018e1ad8a5a3 sp=0x00000072cd6fdf80 mode 2
Event: 0.607 Thread 0x0000018e0971dff0 Uncommon trap: trap_request=0xffffff76 fr.pc=0x0000018e1b2e685c relative=0x000000000000029c
Event: 0.607 Thread 0x0000018e0971dff0 Uncommon trap: reason=predicate action=maybe_recompile pc=0x0000018e1b2e685c method=java.util.regex.Pattern$BmpCharPropertyGreedy.match(Ljava/util/regex/Matcher;ILjava/lang/CharSequence;)Z @ 12 c2
Event: 0.607 Thread 0x0000018e0971dff0 DEOPT PACKING pc=0x0000018e1b2e685c sp=0x00000072cd6fdd70
Event: 0.608 Thread 0x0000018e0971dff0 DEOPT UNPACKING pc=0x0000018e1ad8a5a3 sp=0x00000072cd6fdd28 mode 2

Classes loaded (20 events):
Event: 0.596 Loading class sun/reflect/generics/repository/ClassRepository
Event: 0.596 Loading class sun/reflect/generics/repository/GenericDeclRepository
Event: 0.596 Loading class sun/reflect/generics/repository/AbstractRepository
Event: 0.596 Loading class sun/reflect/generics/repository/AbstractRepository done
Event: 0.596 Loading class sun/reflect/generics/repository/GenericDeclRepository done
Event: 0.596 Loading class sun/reflect/generics/repository/ClassRepository done
Event: 0.596 Loading class java/lang/reflect/TypeVariable
Event: 0.596 Loading class java/lang/reflect/TypeVariable done
Event: 0.596 Loading class sun/reflect/generics/tree/FormalTypeParameter
Event: 0.596 Loading class sun/reflect/generics/tree/FormalTypeParameter done
Event: 0.597 Loading class sun/reflect/generics/tree/ClassSignature
Event: 0.597 Loading class sun/reflect/generics/tree/Signature
Event: 0.597 Loading class sun/reflect/generics/tree/Signature done
Event: 0.597 Loading class sun/reflect/generics/tree/ClassSignature done
Event: 0.597 Loading class java/lang/reflect/WildcardType
Event: 0.597 Loading class java/lang/reflect/WildcardType done
Event: 0.598 Loading class sun/reflect/generics/tree/TypeVariableSignature
Event: 0.598 Loading class sun/reflect/generics/tree/TypeVariableSignature done
Event: 0.605 Loading class java/lang/annotation/IncompleteAnnotationException
Event: 0.605 Loading class java/lang/annotation/IncompleteAnnotationException done

Classes unloaded (0 events):
No events

Classes redefined (0 events):
No events

Internal exceptions (12 events):
Event: 0.288 Thread 0x0000018e0971dff0 Exception <a 'java/lang/NoSuchMethodError'{0x000000008b869f58}: 'java.lang.Object java.lang.invoke.Invokers$Holder.invokeExact_MT(java.lang.Object, java.lang.Object, java.lang.Object, java.lang.Object, java.lang.Object)'> (0x000000008b869f58) 
thrown [s\open\src\hotspot\share\interpreter\linkResolver.cpp, line 774]
Event: 0.298 Thread 0x0000018e0971dff0 Exception <a 'java/lang/NullPointerException'{0x000000008b8bfba8}> (0x000000008b8bfba8) 
thrown [s\open\src\hotspot\share\interpreter\linkResolver.cpp, line 1374]
Event: 0.313 Thread 0x0000018e0971dff0 Exception <a 'java/lang/NullPointerException'{0x000000008b8efed0}> (0x000000008b8efed0) 
thrown [s\open\src\hotspot\share\interpreter\linkResolver.cpp, line 1374]
Event: 0.313 Thread 0x0000018e0971dff0 Exception <a 'java/lang/NullPointerException'{0x000000008b8f01b0}> (0x000000008b8f01b0) 
thrown [s\open\src\hotspot\share\interpreter\linkResolver.cpp, line 1374]
Event: 0.313 Thread 0x0000018e0971dff0 Exception <a 'java/lang/NullPointerException'{0x000000008b8f0490}> (0x000000008b8f0490) 
thrown [s\open\src\hotspot\share\interpreter\linkResolver.cpp, line 1374]
Event: 0.314 Thread 0x0000018e0971dff0 Exception <a 'java/lang/NullPointerException'{0x000000008b8f51f0}> (0x000000008b8f51f0) 
thrown [s\open\src\hotspot\share\interpreter\linkResolver.cpp, line 1374]
Event: 0.316 Thread 0x0000018e0971dff0 Exception <a 'java/lang/NullPointerException'{0x000000008b708e28}> (0x000000008b708e28) 
thrown [s\open\src\hotspot\share\interpreter\linkResolver.cpp, line 1374]
Event: 0.316 Thread 0x0000018e0971dff0 Exception <a 'java/lang/NullPointerException'{0x000000008b709108}> (0x000000008b709108) 
thrown [s\open\src\hotspot\share\interpreter\linkResolver.cpp, line 1374]
Event: 0.316 Thread 0x0000018e0971dff0 Exception <a 'java/lang/NullPointerException'{0x000000008b7093e8}> (0x000000008b7093e8) 
thrown [s\open\src\hotspot\share\interpreter\linkResolver.cpp, line 1374]
Event: 0.316 Thread 0x0000018e0971dff0 Exception <a 'java/lang/NullPointerException'{0x000000008b7096c8}> (0x000000008b7096c8) 
thrown [s\open\src\hotspot\share\interpreter\linkResolver.cpp, line 1374]
Event: 0.574 Thread 0x0000018e0971dff0 Exception <a 'java/lang/NoSuchMethodError'{0x000000008ba04f50}: 'java.lang.Object java.lang.invoke.DirectMethodHandle$Holder.newInvokeSpecial(java.lang.Object, java.lang.Object, java.lang.Object, java.lang.Object, java.lang.Object)'> (0x000000008ba04f50) 
thrown [s\open\src\hotspot\share\interpreter\linkResolver.cpp, line 774]
Event: 0.605 Thread 0x0000018e0971dff0 Exception <a 'java/lang/NoClassDefFoundError'{0x000000008b9536e8}: javax/enterprise/inject/Typed> (0x000000008b9536e8) 
thrown [s\open\src\hotspot\share\classfile\systemDictionary.cpp, line 244]

VM Operations (12 events):
Event: 0.178 Executing VM operation: HandshakeAllThreads
Event: 0.178 Executing VM operation: HandshakeAllThreads done
Event: 0.297 Executing VM operation: HandshakeAllThreads
Event: 0.297 Executing VM operation: HandshakeAllThreads done
Event: 0.305 Executing VM operation: HandshakeAllThreads
Event: 0.305 Executing VM operation: HandshakeAllThreads done
Event: 0.393 Executing VM operation: HandshakeAllThreads
Event: 0.393 Executing VM operation: HandshakeAllThreads done
Event: 0.546 Executing VM operation: G1CollectForAllocation
Event: 0.550 Executing VM operation: G1CollectForAllocation done
Event: 0.550 Executing VM operation: HandshakeAllThreads
Event: 0.550 Executing VM operation: HandshakeAllThreads done

Events (12 events):
Event: 0.098 Thread 0x0000018e0971dff0 Thread added: 0x0000018e0971dff0
Event: 0.129 Thread 0x0000018e29585e90 Thread added: 0x0000018e29585e90
Event: 0.129 Thread 0x0000018e29586b70 Thread added: 0x0000018e29586b70
Event: 0.130 Thread 0x0000018e2958aa30 Thread added: 0x0000018e2958aa30
Event: 0.130 Thread 0x0000018e2958c460 Thread added: 0x0000018e2958c460
Event: 0.130 Thread 0x0000018e2958d620 Thread added: 0x0000018e2958d620
Event: 0.131 Thread 0x0000018e2958e040 Thread added: 0x0000018e2958e040
Event: 0.131 Thread 0x0000018e29594170 Thread added: 0x0000018e29594170
Event: 0.131 Thread 0x0000018e2959eef0 Thread added: 0x0000018e2959eef0
Event: 0.131 Thread 0x0000018e295a28a0 Thread added: 0x0000018e295a28a0
Event: 0.155 Thread 0x0000018e2d91ca50 Thread added: 0x0000018e2d91ca50
Event: 0.164 Thread 0x0000018e2d924a90 Thread added: 0x0000018e2d924a90


Dynamic libraries:
0x00007ff7f6890000 - 0x00007ff7f68a0000 	C:\Program Files\Java\jdk-19\bin\java.exe
0x00007ffdb7a10000 - 0x00007ffdb7c27000 	C:\WINDOWS\SYSTEM32\ntdll.dll
0x00007ffdb6a60000 - 0x00007ffdb6b24000 	C:\WINDOWS\System32\KERNEL32.DLL
0x00007ffdb51a0000 - 0x00007ffdb555a000 	C:\WINDOWS\System32\KERNELBASE.dll
0x00007ffdb5080000 - 0x00007ffdb5191000 	C:\WINDOWS\System32\ucrtbase.dll
0x00007ffd7a170000 - 0x00007ffd7a18b000 	C:\Program Files\Java\jdk-19\bin\VCRUNTIME140.dll
0x00007ffd7a150000 - 0x00007ffd7a168000 	C:\Program Files\Java\jdk-19\bin\jli.dll
0x00007ffdb5c20000 - 0x00007ffdb5cd2000 	C:\WINDOWS\System32\ADVAPI32.dll
0x00007ffdb6e10000 - 0x00007ffdb6eb7000 	C:\WINDOWS\System32\msvcrt.dll
0x00007ffdb5ac0000 - 0x00007ffdb5b67000 	C:\WINDOWS\System32\sechost.dll
0x00007ffdb5050000 - 0x00007ffdb5078000 	C:\WINDOWS\System32\bcrypt.dll
0x00007ffdb7740000 - 0x00007ffdb7854000 	C:\WINDOWS\System32\RPCRT4.dll
0x00007ffdb62c0000 - 0x00007ffdb646e000 	C:\WINDOWS\System32\USER32.dll
0x00007ffdb5020000 - 0x00007ffdb5046000 	C:\WINDOWS\System32\win32u.dll
0x00007ffd98d60000 - 0x00007ffd98ff2000 	C:\WINDOWS\WinSxS\amd64_microsoft.windows.common-controls_6595b64144ccf1df_6.0.22621.4541_none_2710d1c57384c085\COMCTL32.dll
0x00007ffdb5ed0000 - 0x00007ffdb5ef9000 	C:\WINDOWS\System32\GDI32.dll
0x00007ffdb5560000 - 0x00007ffdb567b000 	C:\WINDOWS\System32\gdi32full.dll
0x00007ffdb4d90000 - 0x00007ffdb4e2a000 	C:\WINDOWS\System32\msvcp_win.dll
0x00007ffda7160000 - 0x00007ffda716a000 	C:\WINDOWS\SYSTEM32\VERSION.dll
0x00007ffdb6b30000 - 0x00007ffdb6b61000 	C:\WINDOWS\System32\IMM32.DLL
0x00007ffd7a140000 - 0x00007ffd7a14c000 	C:\Program Files\Java\jdk-19\bin\vcruntime140_1.dll
0x00007ffd582f0000 - 0x00007ffd5837e000 	C:\Program Files\Java\jdk-19\bin\msvcp140.dll
0x00007ffd0a0f0000 - 0x00007ffd0adb0000 	C:\Program Files\Java\jdk-19\bin\server\jvm.dll
0x00007ffdaac00000 - 0x00007ffdaac34000 	C:\WINDOWS\SYSTEM32\WINMM.dll
0x00007ffd8ee00000 - 0x00007ffd8ee09000 	C:\WINDOWS\SYSTEM32\WSOCK32.dll
0x00007ffdb5ba0000 - 0x00007ffdb5c11000 	C:\WINDOWS\System32\ws2_32.DLL
0x00007ffdb3e00000 - 0x00007ffdb3e18000 	C:\WINDOWS\SYSTEM32\kernel.appcore.dll
0x00007ffd79fe0000 - 0x00007ffd79fea000 	C:\Program Files\Java\jdk-19\bin\jimage.dll
0x00007ffdb30f0000 - 0x00007ffdb3322000 	C:\WINDOWS\SYSTEM32\DBGHELP.DLL
0x00007ffdb5700000 - 0x00007ffdb5a91000 	C:\WINDOWS\System32\combase.dll
0x00007ffdb5f10000 - 0x00007ffdb5fe7000 	C:\WINDOWS\System32\OLEAUT32.dll
0x00007ffd8d3e0000 - 0x00007ffd8d412000 	C:\WINDOWS\SYSTEM32\dbgcore.DLL
0x00007ffdb4e30000 - 0x00007ffdb4eab000 	C:\WINDOWS\System32\bcryptPrimitives.dll
0x00007ffd586f0000 - 0x00007ffd58716000 	C:\Program Files\Java\jdk-19\bin\java.dll
0x00007ffd57fc0000 - 0x00007ffd58097000 	C:\Program Files\Java\jdk-19\bin\jsvml.dll
0x00007ffdb6ec0000 - 0x00007ffdb7739000 	C:\WINDOWS\System32\SHELL32.dll
0x00007ffdb27e0000 - 0x00007ffdb30e9000 	C:\WINDOWS\SYSTEM32\windows.storage.dll
0x00007ffdb25f0000 - 0x00007ffdb272f000 	C:\WINDOWS\SYSTEM32\wintypes.dll
0x00007ffdb61c0000 - 0x00007ffdb62ba000 	C:\WINDOWS\System32\SHCORE.dll
0x00007ffdb5df0000 - 0x00007ffdb5e4e000 	C:\WINDOWS\System32\shlwapi.dll
0x00007ffdb4c00000 - 0x00007ffdb4c2b000 	C:\WINDOWS\SYSTEM32\profapi.dll
0x00007ffd66020000 - 0x00007ffd66033000 	C:\Program Files\Java\jdk-19\bin\net.dll
0x00007ffdaf2a0000 - 0x00007ffdaf3d6000 	C:\WINDOWS\SYSTEM32\WINHTTP.dll
0x00007ffdb4280000 - 0x00007ffdb42e9000 	C:\WINDOWS\system32\mswsock.dll
0x00007ffd65130000 - 0x00007ffd65146000 	C:\Program Files\Java\jdk-19\bin\nio.dll
0x00007ffd5bc10000 - 0x00007ffd5bc28000 	C:\Program Files\Java\jdk-19\bin\zip.dll
0x0000000069ac0000 - 0x0000000069ae4000 	C:\Program Files\apache-maven-3.8.8\lib\jansi-native\Windows\x86_64\jansi.dll
0x00007ffd79050000 - 0x00007ffd79060000 	C:\Program Files\Java\jdk-19\bin\verify.dll

dbghelp: loaded successfully - version: 4.0.5 - missing functions: none
symbol engine: initialized successfully - sym options: 0x614 - pdb path: .;C:\Program Files\Java\jdk-19\bin;C:\WINDOWS\SYSTEM32;C:\WINDOWS\WinSxS\amd64_microsoft.windows.common-controls_6595b64144ccf1df_6.0.22621.4541_none_2710d1c57384c085;C:\Program Files\Java\jdk-19\bin\server;C:\Program Files\apache-maven-3.8.8\lib\jansi-native\Windows\x86_64

VM Arguments:
jvm_args: -Dclassworlds.conf=C:\Program Files\apache-maven-3.8.8\bin\m2.conf -Dmaven.home=C:\Program Files\apache-maven-3.8.8 -Dlibrary.jansi.path=C:\Program Files\apache-maven-3.8.8\lib\jansi-native -Dmaven.multiModuleProjectDirectory=C:\Users\hp\Desktop\master\microservices\tst\biblio\livre-service 
java_command: org.codehaus.plexus.classworlds.launcher.Launcher clean package -DskipTests
java_class_path (initial): C:\Program Files\apache-maven-3.8.8\boot\plexus-classworlds-2.6.0.jar
Launcher Type: SUN_STANDARD

[Global flags]
     intx CICompilerCount                          = 3                                         {product} {ergonomic}
     uint ConcGCThreads                            = 1                                         {product} {ergonomic}
     uint G1ConcRefinementThreads                  = 4                                         {product} {ergonomic}
   size_t G1HeapRegionSize                         = 1048576                                   {product} {ergonomic}
    uintx GCDrainStackTargetSize                   = 64                                        {product} {ergonomic}
   size_t InitialHeapSize                          = 130023424                                 {product} {ergonomic}
   size_t MarkStackSize                            = 4194304                                   {product} {ergonomic}
   size_t MaxHeapSize                              = 2080374784                                {product} {ergonomic}
   size_t MaxNewSize                               = 1247805440                                {product} {ergonomic}
   size_t MinHeapDeltaBytes                        = 1048576                                   {product} {ergonomic}
   size_t MinHeapSize                              = 8388608                                   {product} {ergonomic}
    uintx NonNMethodCodeHeapSize                   = 5832780                                {pd product} {ergonomic}
    uintx NonProfiledCodeHeapSize                  = 122912730                              {pd product} {ergonomic}
    uintx ProfiledCodeHeapSize                     = 122912730                              {pd product} {ergonomic}
    uintx ReservedCodeCacheSize                    = 251658240                              {pd product} {ergonomic}
     bool SegmentedCodeCache                       = true                                      {product} {ergonomic}
   size_t SoftMaxHeapSize                          = 2080374784                             {manageable} {ergonomic}
     bool UseCompressedClassPointers               = true                           {product lp64_product} {ergonomic}
     bool UseCompressedOops                        = true                           {product lp64_product} {ergonomic}
     bool UseG1GC                                  = true                                      {product} {ergonomic}
     bool UseLargePagesIndividualAllocation        = false                                  {pd product} {ergonomic}

Logging:
Log output configuration:
 #0: stdout all=warning uptime,level,tags foldmultilines=false
 #1: stderr all=off uptime,level,tags foldmultilines=false

Environment Variables:
JAVA_HOME=C:\Program Files\Java\jdk-19
PATH=C:\app\admin\db_home\bin;C:\Program Files\Common Files\Oracle\Java\javapath;C:\WINDOWS\system32;C:\WINDOWS;C:\WINDOWS\System32\Wbem;C:\WINDOWS\System32\WindowsPowerShell\v1.0\;C:\WINDOWS\System32\OpenSSH\;C:\Program Files\Microsoft SQL Server\Client SDK\ODBC\170\Tools\Binn\;C:\Program Files (x86)\Microsoft SQL Server\150\Tools\Binn\;C:\Program Files\Microsoft SQL Server\150\Tools\Binn\;C:\Program Files\Microsoft SQL Server\150\DTS\Binn\;C:\Program Files\Java\jdk-19\bin;C:\Program Files\Azure Data Studio\bin;C:\WINDOWS\system32;C:\WINDOWS;C:\WINDOWS\System32\Wbem;C:\WINDOWS\System32\WindowsPowerShell\v1.0\;C:\WINDOWS\System32\OpenSSH\;C:\Users\hp\Desktop\h\php;C:\ProgramData\ComposerSetup\bin;C:\Program Files\Git\cmd;C:\Users\hp\eclipse\java-2022-09\eclipse;C:\Program Files\Java\jdk-1.8\bin;C:\hadoop-3.3.5\bin;C:\spark-3.4.4\spark-3.4.4-bin-hadoop3\bin;C:\Program Files (x86)\scala\bin;C:\Program Files\Docker\Docker\resources\bin;C:\Program Files\nodejs\;C:\Program Files\Graphviz\bin;C:\Users\hp\AppData\Local\Microsoft\WindowsApps;C:\Users\hp\AppData\Local\Programs\Microsoft VS Code\bin;C:\Program Files\Azure Data Studio\bin;C:\Users\hp\AppData\Roaming\Composer\vendor\bin;C:\Program Files\JetBrains\IntelliJ IDEA 2024.2.3\bin;;C:\Program Files\Java\jdk-19\bin;C:\Program Files\Java\jdk-1.8\bin;C:\hadoop-3.3.5\bin;C:\spark-3.4.4\spark-3.4.4-bin-hadoop3\bin;C:\Program Files\apache-maven-3.8.8\bin;C:\Users\hp\AppData\Local\Microsoft\WinGet\Packages\Schniz.fnm_Microsoft.Winget.Source_8wekyb3d8bbwe;C:\Users\hp\AppData\Roaming\npm;C:\Program Files\Graphviz\bin
USERNAME=hp
OS=Windows_NT
PROCESSOR_IDENTIFIER=Intel64 Family 6 Model 140 Stepping 1, GenuineIntel
TMP=C:\Users\hp\AppData\Local\Temp
TEMP=C:\Users\hp\AppData\Local\Temp



---------------  S Y S T E M  ---------------

OS:
 Windows 11 , 64 bit Build 22621 (10.0.22621.4391)
OS uptime: 0 days 1:52 hours
Hyper-V role detected

CPU: total 4 (initial active 4) (4 cores per cpu, 2 threads per core) family 6 model 140 stepping 1 microcode 0xac, cx8, cmov, fxsr, ht, mmx, 3dnowpref, sse, sse2, sse3, ssse3, sse4.1, sse4.2, popcnt, lzcnt, tsc, tscinvbit, avx, avx2, aes, erms, clmul, bmi1, bmi2, adx, avx512f, avx512dq, avx512cd, avx512bw, avx512vl, sha, fma, vzeroupper, avx512_vpopcntdq, avx512_vpclmulqdq, avx512_vaes, avx512_vnni, clflush, clflushopt, clwb, avx512_vbmi2, avx512_vbmi, hv, rdtscp, rdpid, fsrm, gfni, avx512_bitalg

Memory: 4k page, system-wide physical 7932M (291M free)
TotalPageFile size 18151M (AvailPageFile size 1M)
current process WorkingSet (physical memory assigned to process): 67M, peak: 67M
current process commit charge ("private bytes"): 213M, peak: 214M

vm_info: Java HotSpot(TM) 64-Bit Server VM (19.0.1+10-21) for windows-amd64 JRE (19.0.1+10-21), built on 2022-09-14T12:45:06Z by "mach5one" with MS VC++ 17.1 (VS2022)

END.
