#
# There is insufficient memory for the Java Runtime Environment to continue.
# Native memory allocation (mmap) failed to map 130023424 bytes for G1 virtual space
# Possible reasons:
#   The system is out of physical RAM or swap space
#   The process is running with CompressedOops enabled, and the Java Heap may be blocking the growth of the native heap
# Possible solutions:
#   Reduce memory load on the system
#   Increase physical memory or swap space
#   Check if swap backing store is full
#   Decrease Java heap size (-Xmx/-Xms)
#   Decrease number of Java threads
#   Decrease Java thread stack sizes (-Xss)
#   Set larger code cache with -XX:ReservedCodeCacheSize=
#   JVM is running with Unscaled Compressed Oops mode in which the Java heap is
#     placed in the first 4GB address space. The Java Heap base address is the
#     maximum limit for the native heap growth. Please use -XX:HeapBaseMinAddress
#     to set the Java Heap base and to place the Java Heap above 4GB virtual address.
# This output file may be truncated or incomplete.
#
#  Out of Memory Error (os_windows.cpp:3527), pid=644, tid=16868
#
# JRE version:  (19.0.1+10) (build )
# Java VM: Java HotSpot(TM) 64-Bit Server VM (19.0.1+10-21, mixed mode, sharing, tiered, compressed oops, compressed class ptrs, g1 gc, windows-amd64)
# No core dump will be written. Minidumps are not enabled by default on client versions of Windows
#

---------------  S U M M A R Y ------------

Command Line: -Dclassworlds.conf=C:\Program Files\apache-maven-3.8.8\bin\m2.conf -Dmaven.home=C:\Program Files\apache-maven-3.8.8 -Dlibrary.jansi.path=C:\Program Files\apache-maven-3.8.8\lib\jansi-native -Dmaven.multiModuleProjectDirectory=C:\Users\hp\Desktop\master\microservices\tst\biblio\livre-service org.codehaus.plexus.classworlds.launcher.Launcher clean package -DskipTests

Host: 11th Gen Intel(R) Core(TM) i5-1135G7 @ 2.40GHz, 4 cores, 7G,  Windows 11 , 64 bit Build 22621 (10.0.22621.4391)
Time: Tue Feb  4 21:55:01 2025 Maroc (heure d64 bit Build 22621 (10.0.22621.4391) elapsed time: 0.010350 seconds (0d 0h 0m 0s)

---------------  T H R E A D  ---------------

Current thread (0x0000021ae918dff0):  JavaThread "Unknown thread" [_thread_in_vm, id=16868, stack(0x00000024a6800000,0x00000024a6900000)]

Stack: [0x00000024a6800000,0x00000024a6900000]
Native frames: (J=compiled Java code, j=interpreted, Vv=VM code, C=native code)
V  [jvm.dll+0x6ee8fa]
V  [jvm.dll+0x857a1e]
V  [jvm.dll+0x85940e]
V  [jvm.dll+0x859ac3]
V  [jvm.dll+0x28291f]
V  [jvm.dll+0x6eb6e9]
V  [jvm.dll+0x6e028a]
V  [jvm.dll+0x357136]
V  [jvm.dll+0x35eb96]
V  [jvm.dll+0x3b555e]
V  [jvm.dll+0x3b578f]
V  [jvm.dll+0x32c6ea]
V  [jvm.dll+0x32d59e]
V  [jvm.dll+0x821b20]
V  [jvm.dll+0x3c27c1]
V  [jvm.dll+0x8022f1]
V  [jvm.dll+0x44b30f]
V  [jvm.dll+0x44cc91]
C  [jli.dll+0x5287]
C  [ucrtbase.dll+0x29333]
C  [KERNEL32.DLL+0x1259d]
C  [ntdll.dll+0x5af38]


---------------  P R O C E S S  ---------------

Threads class SMR info:
_java_thread_list=0x00007ffd0ac6d048, length=0, elements={
}

Java Threads: ( => current thread )

Other Threads:
  0x0000021aeb2718f0 WorkerThread "GC Thread#0" [stack: 0x00000024a6900000,0x00000024a6a00000] [id=11776]
  0x0000021aeb282050 ConcurrentGCThread "G1 Main Marker" [stack: 0x00000024a6a00000,0x00000024a6b00000] [id=14988]
  0x0000021aeb282a80 WorkerThread "G1 Conc#0" [stack: 0x00000024a6b00000,0x00000024a6c00000] [id=11816]

[error occurred during error reporting (printing all threads), id 0xc0000005, EXCEPTION_ACCESS_VIOLATION (0xc0000005) at pc=0x00007ffd0a42d127]

VM state: not at safepoint (not fully initialized)

VM Mutex/Monitor currently owned by a thread:  ([mutex/lock_event])
[0x0000021ae918b3d0] Heap_lock - owner thread: 0x0000021ae918dff0

Heap address: 0x0000000084000000, size: 1984 MB, Compressed Oops mode: 32-bit

CDS archive(s) mapped at: [0x0000000000000000-0x0000000000000000-0x0000000000000000), size 0, SharedBaseAddress: 0x0000000800000000, ArchiveRelocationMode: 0.
Narrow klass base: 0x0000000000000000, Narrow klass shift: 0, Narrow klass range: 0x0

GC Precious Log:
 CardTable entry size: 512
 Card Set container configuration: InlinePtr #cards 5 size 8 Array Of Cards #cards 12 size 40 Howl #buckets 4 coarsen threshold 1843 Howl Bitmap #cards 512 size 80 coarsen threshold 460 Card regions per heap region 1 cards per card region 2048

Heap:
 garbage-first heap   total 0K, used 0K [0x0000000084000000, 0x0000000100000000)
  region size 1024K, 0 young (0K), 0 survivors (0K)

[error occurred during error reporting (printing heap information), id 0xc0000005, EXCEPTION_ACCESS_VIOLATION (0xc0000005) at pc=0x00007ffd0a836959]

GC Heap History (0 events):
No events

Dll operation events (1 events):
Event: 0.006 Loaded shared library C:\Program Files\Java\jdk-19\bin\java.dll

Deoptimization events (0 events):
No events

Classes loaded (0 events):
No events

Classes unloaded (0 events):
No events

Classes redefined (0 events):
No events

Internal exceptions (0 events):
No events

VM Operations (0 events):
No events

Events (0 events):
No events


Dynamic libraries:
0x00007ff650890000 - 0x00007ff6508a0000 	C:\Program Files\Java\jdk-19\bin\java.exe
0x00007ffdb7a10000 - 0x00007ffdb7c27000 	C:\WINDOWS\SYSTEM32\ntdll.dll
0x00007ffdb6a60000 - 0x00007ffdb6b24000 	C:\WINDOWS\System32\KERNEL32.DLL
0x00007ffdb51a0000 - 0x00007ffdb555a000 	C:\WINDOWS\System32\KERNELBASE.dll
0x00007ffdb5080000 - 0x00007ffdb5191000 	C:\WINDOWS\System32\ucrtbase.dll
0x00007ffd65130000 - 0x00007ffd6514b000 	C:\Program Files\Java\jdk-19\bin\VCRUNTIME140.dll
0x00007ffd5bc10000 - 0x00007ffd5bc28000 	C:\Program Files\Java\jdk-19\bin\jli.dll
0x00007ffdb5c20000 - 0x00007ffdb5cd2000 	C:\WINDOWS\System32\ADVAPI32.dll
0x00007ffdb6e10000 - 0x00007ffdb6eb7000 	C:\WINDOWS\System32\msvcrt.dll
0x00007ffdb5ac0000 - 0x00007ffdb5b67000 	C:\WINDOWS\System32\sechost.dll
0x00007ffdb5050000 - 0x00007ffdb5078000 	C:\WINDOWS\System32\bcrypt.dll
0x00007ffdb7740000 - 0x00007ffdb7854000 	C:\WINDOWS\System32\RPCRT4.dll
0x00007ffdb62c0000 - 0x00007ffdb646e000 	C:\WINDOWS\System32\USER32.dll
0x00007ffdb5020000 - 0x00007ffdb5046000 	C:\WINDOWS\System32\win32u.dll
0x00007ffdb5ed0000 - 0x00007ffdb5ef9000 	C:\WINDOWS\System32\GDI32.dll
0x00007ffdb5560000 - 0x00007ffdb567b000 	C:\WINDOWS\System32\gdi32full.dll
0x00007ffdb4d90000 - 0x00007ffdb4e2a000 	C:\WINDOWS\System32\msvcp_win.dll
0x00007ffd98d60000 - 0x00007ffd98ff2000 	C:\WINDOWS\WinSxS\amd64_microsoft.windows.common-controls_6595b64144ccf1df_6.0.22621.4541_none_2710d1c57384c085\COMCTL32.dll
0x00007ffda7160000 - 0x00007ffda716a000 	C:\WINDOWS\SYSTEM32\VERSION.dll
0x00007ffdb6b30000 - 0x00007ffdb6b61000 	C:\WINDOWS\System32\IMM32.DLL
0x00007ffd79fe0000 - 0x00007ffd79fec000 	C:\Program Files\Java\jdk-19\bin\vcruntime140_1.dll
0x00007ffd582f0000 - 0x00007ffd5837e000 	C:\Program Files\Java\jdk-19\bin\msvcp140.dll
0x00007ffd0a0f0000 - 0x00007ffd0adb0000 	C:\Program Files\Java\jdk-19\bin\server\jvm.dll
0x00007ffdaac00000 - 0x00007ffdaac34000 	C:\WINDOWS\SYSTEM32\WINMM.dll
0x00007ffd8ee00000 - 0x00007ffd8ee09000 	C:\WINDOWS\SYSTEM32\WSOCK32.dll
0x00007ffdb5ba0000 - 0x00007ffdb5c11000 	C:\WINDOWS\System32\WS2_32.dll
0x00007ffdb3e00000 - 0x00007ffdb3e18000 	C:\WINDOWS\SYSTEM32\kernel.appcore.dll
0x00007ffd79050000 - 0x00007ffd7905a000 	C:\Program Files\Java\jdk-19\bin\jimage.dll
0x00007ffdb30f0000 - 0x00007ffdb3322000 	C:\WINDOWS\SYSTEM32\DBGHELP.DLL
0x00007ffdb5700000 - 0x00007ffdb5a91000 	C:\WINDOWS\System32\combase.dll
0x00007ffdb5f10000 - 0x00007ffdb5fe7000 	C:\WINDOWS\System32\OLEAUT32.dll
0x00007ffd8d3e0000 - 0x00007ffd8d412000 	C:\WINDOWS\SYSTEM32\dbgcore.DLL
0x00007ffdb4e30000 - 0x00007ffdb4eab000 	C:\WINDOWS\System32\bcryptPrimitives.dll
0x00007ffd586f0000 - 0x00007ffd58716000 	C:\Program Files\Java\jdk-19\bin\java.dll

dbghelp: loaded successfully - version: 4.0.5 - missing functions: none
symbol engine: initialized successfully - sym options: 0x614 - pdb path: .;C:\Program Files\Java\jdk-19\bin;C:\WINDOWS\SYSTEM32;C:\WINDOWS\WinSxS\amd64_microsoft.windows.common-controls_6595b64144ccf1df_6.0.22621.4541_none_2710d1c57384c085;C:\Program Files\Java\jdk-19\bin\server

VM Arguments:
jvm_args: -Dclassworlds.conf=C:\Program Files\apache-maven-3.8.8\bin\m2.conf -Dmaven.home=C:\Program Files\apache-maven-3.8.8 -Dlibrary.jansi.path=C:\Program Files\apache-maven-3.8.8\lib\jansi-native -Dmaven.multiModuleProjectDirectory=C:\Users\hp\Desktop\master\microservices\tst\biblio\livre-service 
java_command: org.codehaus.plexus.classworlds.launcher.Launcher clean package -DskipTests
java_class_path (initial): C:\Program Files\apache-maven-3.8.8\boot\plexus-classworlds-2.6.0.jar
Launcher Type: SUN_STANDARD

[Global flags]
     intx CICompilerCount                          = 3                                         {product} {ergonomic}
     uint ConcGCThreads                            = 1                                         {product} {ergonomic}
     uint G1ConcRefinementThreads                  = 4                                         {product} {ergonomic}
   size_t G1HeapRegionSize                         = 1048576                                   {product} {ergonomic}
    uintx GCDrainStackTargetSize                   = 64                                        {product} {ergonomic}
   size_t InitialHeapSize                          = 130023424                                 {product} {ergonomic}
   size_t MarkStackSize                            = 4194304                                   {product} {ergonomic}
   size_t MaxHeapSize                              = 2080374784                                {product} {ergonomic}
   size_t MinHeapDeltaBytes                        = 1048576                                   {product} {ergonomic}
   size_t MinHeapSize                              = 8388608                                   {product} {ergonomic}
    uintx NonNMethodCodeHeapSize                   = 5832780                                {pd product} {ergonomic}
    uintx NonProfiledCodeHeapSize                  = 122912730                              {pd product} {ergonomic}
    uintx ProfiledCodeHeapSize                     = 122912730                              {pd product} {ergonomic}
    uintx ReservedCodeCacheSize                    = 251658240                              {pd product} {ergonomic}
     bool SegmentedCodeCache                       = true                                      {product} {ergonomic}
   size_t SoftMaxHeapSize                          = 2080374784                             {manageable} {ergonomic}
     bool UseCompressedClassPointers               = true                           {product lp64_product} {ergonomic}
     bool UseCompressedOops                        = true                           {product lp64_product} {ergonomic}
     bool UseG1GC                                  = true                                      {product} {ergonomic}
     bool UseLargePagesIndividualAllocation        = false                                  {pd product} {ergonomic}

Logging:
Log output configuration:
 #0: stdout all=warning uptime,level,tags foldmultilines=false
 #1: stderr all=off uptime,level,tags foldmultilines=false

Environment Variables:
JAVA_HOME=C:\Program Files\Java\jdk-19
PATH=C:\app\admin\db_home\bin;C:\Program Files\Common Files\Oracle\Java\javapath;C:\WINDOWS\system32;C:\WINDOWS;C:\WINDOWS\System32\Wbem;C:\WINDOWS\System32\WindowsPowerShell\v1.0\;C:\WINDOWS\System32\OpenSSH\;C:\Program Files\Microsoft SQL Server\Client SDK\ODBC\170\Tools\Binn\;C:\Program Files (x86)\Microsoft SQL Server\150\Tools\Binn\;C:\Program Files\Microsoft SQL Server\150\Tools\Binn\;C:\Program Files\Microsoft SQL Server\150\DTS\Binn\;C:\Program Files\Java\jdk-19\bin;C:\Program Files\Azure Data Studio\bin;C:\WINDOWS\system32;C:\WINDOWS;C:\WINDOWS\System32\Wbem;C:\WINDOWS\System32\WindowsPowerShell\v1.0\;C:\WINDOWS\System32\OpenSSH\;C:\Users\hp\Desktop\h\php;C:\ProgramData\ComposerSetup\bin;C:\Program Files\Git\cmd;C:\Users\hp\eclipse\java-2022-09\eclipse;C:\Program Files\Java\jdk-1.8\bin;C:\hadoop-3.3.5\bin;C:\spark-3.4.4\spark-3.4.4-bin-hadoop3\bin;C:\Program Files (x86)\scala\bin;C:\Program Files\Docker\Docker\resources\bin;C:\Program Files\nodejs\;C:\Program Files\Graphviz\bin;C:\Users\hp\AppData\Local\Microsoft\WindowsApps;C:\Users\hp\AppData\Local\Programs\Microsoft VS Code\bin;C:\Program Files\Azure Data Studio\bin;C:\Users\hp\AppData\Roaming\Composer\vendor\bin;C:\Program Files\JetBrains\IntelliJ IDEA 2024.2.3\bin;;C:\Program Files\Java\jdk-19\bin;C:\Program Files\Java\jdk-1.8\bin;C:\hadoop-3.3.5\bin;C:\spark-3.4.4\spark-3.4.4-bin-hadoop3\bin;C:\Program Files\apache-maven-3.8.8\bin;C:\Users\hp\AppData\Local\Microsoft\WinGet\Packages\Schniz.fnm_Microsoft.Winget.Source_8wekyb3d8bbwe;C:\Users\hp\AppData\Roaming\npm;C:\Program Files\Graphviz\bin
USERNAME=hp
OS=Windows_NT
PROCESSOR_IDENTIFIER=Intel64 Family 6 Model 140 Stepping 1, GenuineIntel
TMP=C:\Users\hp\AppData\Local\Temp
TEMP=C:\Users\hp\AppData\Local\Temp



---------------  S Y S T E M  ---------------

OS:
 Windows 11 , 64 bit Build 22621 (10.0.22621.4391)
OS uptime: 0 days 1:53 hours
Hyper-V role detected

CPU: total 4 (initial active 4) (4 cores per cpu, 2 threads per core) family 6 model 140 stepping 1 microcode 0xac, cx8, cmov, fxsr, ht, mmx, 3dnowpref, sse, sse2, sse3, ssse3, sse4.1, sse4.2, popcnt, lzcnt, tsc, tscinvbit, avx, avx2, aes, erms, clmul, bmi1, bmi2, adx, avx512f, avx512dq, avx512cd, avx512bw, avx512vl, sha, fma, vzeroupper, avx512_vpopcntdq, avx512_vpclmulqdq, avx512_vaes, avx512_vnni, clflush, clflushopt, clwb, avx512_vbmi2, avx512_vbmi, hv, rdtscp, rdpid, fsrm, gfni, avx512_bitalg

Memory: 4k page, system-wide physical 7932M (440M free)
TotalPageFile size 18345M (AvailPageFile size 82M)
current process WorkingSet (physical memory assigned to process): 11M, peak: 11M
current process commit charge ("private bytes"): 52M, peak: 176M

vm_info: Java HotSpot(TM) 64-Bit Server VM (19.0.1+10-21) for windows-amd64 JRE (19.0.1+10-21), built on 2022-09-14T12:45:06Z by "mach5one" with MS VC++ 17.1 (VS2022)

END.
