#
# There is insufficient memory for the Java Runtime Environment to continue.
# Native memory allocation (malloc) failed to allocate 924736 bytes. Error detail: Chunk::new
# Possible reasons:
#   The system is out of physical RAM or swap space
#   This process is running with CompressedOops enabled, and the Java Heap may be blocking the growth of the native heap
# Possible solutions:
#   Reduce memory load on the system
#   Increase physical memory or swap space
#   Check if swap backing store is full
#   Decrease Java heap size (-Xmx/-Xms)
#   Decrease number of Java threads
#   Decrease Java thread stack sizes (-Xss)
#   Set larger code cache with -XX:ReservedCodeCacheSize=
#   JVM is running with Unscaled Compressed Oops mode in which the Java heap is
#     placed in the first 4GB address space. The Java Heap base address is the
#     maximum limit for the native heap growth. Please use -XX:HeapBaseMinAddress
#     to set the Java Heap base and to place the Java Heap above 4GB virtual address.
# This output file may be truncated or incomplete.
#
#  Out of Memory Error (arena.cpp:149), pid=10224, tid=19216
#
# JRE version: OpenJDK Runtime Environment (23.0.1+11) (build 23.0.1+11-39)
# Java VM: OpenJDK 64-Bit Server VM (23.0.1+11-39, mixed mode, sharing, tiered, compressed oops, compressed class ptrs, g1 gc, windows-amd64)
# No core dump will be written. Minidumps are not enabled by default on client versions of Windows
#

---------------  S U M M A R Y ------------

Command Line: C:\Users\hp\AppData\Local\Temp\surefire5769735401811680704\surefirebooter-20250125125908524_3.jar C:\Users\hp\AppData\Local\Temp\surefire5769735401811680704 2025-01-25T12-59-08_017-jvmRun1 surefire-20250125125908524_1tmp surefire_0-20250125125908524_2tmp

Host: 11th Gen Intel(R) Core(TM) i5-1135G7 @ 2.40GHz, 4 cores, 7G,  Windows 11 , 64 bit Build 22621 (10.0.22621.4391)
Time: Sat Jan 25 12:59:13 2025 Maroc (heure d64 bit Build 22621 (10.0.22621.4391) elapsed time: 4.224334 seconds (0d 0h 0m 4s)

---------------  T H R E A D  ---------------

Current thread (0x000002b645c40080):  JavaThread "C2 CompilerThread1" daemon [_thread_in_native, id=19216, stack(0x000000f223300000,0x000000f223400000) (1024K)]


Current CompileTask:
C2:4224 2012       4       java.lang.invoke.MethodType::methodType (69 bytes)

Stack: [0x000000f223300000,0x000000f223400000]
Native frames: (J=compiled Java code, j=interpreted, Vv=VM code, C=native code)
V  [jvm.dll+0x6e08b9]  (no source info available)
V  [jvm.dll+0x87dc83]  (no source info available)
V  [jvm.dll+0x88010e]  (no source info available)
V  [jvm.dll+0x8807e3]  (no source info available)
V  [jvm.dll+0x27aee6]  (no source info available)
V  [jvm.dll+0xbc06f]  (no source info available)
V  [jvm.dll+0xbc2cb]  (no source info available)
V  [jvm.dll+0x2ee94d]  (no source info available)
V  [jvm.dll+0x6063d9]  (no source info available)
V  [jvm.dll+0x24ddf2]  (no source info available)
V  [jvm.dll+0x24671d]  (no source info available)
V  [jvm.dll+0x243d04]  (no source info available)
V  [jvm.dll+0x1c33a0]  (no source info available)
V  [jvm.dll+0x253cf1]  (no source info available)
V  [jvm.dll+0x251faa]  (no source info available)
V  [jvm.dll+0x3ee036]  (no source info available)
V  [jvm.dll+0x824f8b]  (no source info available)
V  [jvm.dll+0x6df065]  (no source info available)
C  [ucrtbase.dll+0x29333]  (no source info available)
C  [KERNEL32.DLL+0x1259d]  (no source info available)
C  [ntdll.dll+0x5af38]  (no source info available)

Lock stack of current Java thread (top to bottom):


---------------  P R O C E S S  ---------------

Threads class SMR info:
_java_thread_list=0x000002b645c14b60, length=14, elements={
0x000002b65e2ad390, 0x000002b67c6ed760, 0x000002b67c6ee570, 0x000002b67c6f87b0,
0x000002b67c6f96b0, 0x000002b67c6f0ed0, 0x000002b67c6f9e10, 0x000002b67c6fcbb0,
0x000002b67c701d90, 0x000002b645139550, 0x000002b64515b000, 0x000002b6458b7220,
0x000002b64540e4b0, 0x000002b645c40080
}

Java Threads: ( => current thread )
  0x000002b65e2ad390 JavaThread "main"                              [_thread_in_Java, id=12944, stack(0x000000f221c00000,0x000000f221d00000) (1024K)]
  0x000002b67c6ed760 JavaThread "Reference Handler"          daemon [_thread_blocked, id=19168, stack(0x000000f222400000,0x000000f222500000) (1024K)]
  0x000002b67c6ee570 JavaThread "Finalizer"                  daemon [_thread_blocked, id=21032, stack(0x000000f222500000,0x000000f222600000) (1024K)]
  0x000002b67c6f87b0 JavaThread "Signal Dispatcher"          daemon [_thread_blocked, id=6524, stack(0x000000f222600000,0x000000f222700000) (1024K)]
  0x000002b67c6f96b0 JavaThread "Attach Listener"            daemon [_thread_blocked, id=1516, stack(0x000000f222700000,0x000000f222800000) (1024K)]
  0x000002b67c6f0ed0 JavaThread "Service Thread"             daemon [_thread_blocked, id=17428, stack(0x000000f222800000,0x000000f222900000) (1024K)]
  0x000002b67c6f9e10 JavaThread "Monitor Deflation Thread"   daemon [_thread_blocked, id=11036, stack(0x000000f222900000,0x000000f222a00000) (1024K)]
  0x000002b67c6fcbb0 JavaThread "C2 CompilerThread0"         daemon [_thread_in_native, id=15596, stack(0x000000f222a00000,0x000000f222b00000) (1024K)]
  0x000002b67c701d90 JavaThread "C1 CompilerThread0"         daemon [_thread_in_native, id=2724, stack(0x000000f222b00000,0x000000f222c00000) (1024K)]
  0x000002b645139550 JavaThread "Notification Thread"        daemon [_thread_blocked, id=10520, stack(0x000000f222c00000,0x000000f222d00000) (1024K)]
  0x000002b64515b000 JavaThread "Common-Cleaner"             daemon [_thread_blocked, id=15672, stack(0x000000f222d00000,0x000000f222e00000) (1024K)]
  0x000002b6458b7220 JavaThread "surefire-forkedjvm-stream-flusher" daemon [_thread_blocked, id=15708, stack(0x000000f222e00000,0x000000f222f00000) (1024K)]
  0x000002b64540e4b0 JavaThread "surefire-forkedjvm-command-thread" daemon [_thread_in_native, id=15920, stack(0x000000f222f00000,0x000000f223000000) (1024K)]
=>0x000002b645c40080 JavaThread "C2 CompilerThread1"         daemon [_thread_in_native, id=19216, stack(0x000000f223300000,0x000000f223400000) (1024K)]
Total: 14

Other Threads:
  0x000002b67c6d4db0 VMThread "VM Thread"                           [id=11168, stack(0x000000f222300000,0x000000f222400000) (1024K)]
  0x000002b67c6c1660 WatcherThread "VM Periodic Task Thread"        [id=17576, stack(0x000000f222200000,0x000000f222300000) (1024K)]
  0x000002b65e411330 WorkerThread "GC Thread#0"                     [id=10884, stack(0x000000f221d00000,0x000000f221e00000) (1024K)]
  0x000002b645bb9790 WorkerThread "GC Thread#1"                     [id=3424, stack(0x000000f223000000,0x000000f223100000) (1024K)]
  0x000002b645b7d890 WorkerThread "GC Thread#2"                     [id=12708, stack(0x000000f223100000,0x000000f223200000) (1024K)]
  0x000002b645c02b40 WorkerThread "GC Thread#3"                     [id=18072, stack(0x000000f223200000,0x000000f223300000) (1024K)]
  0x000002b65e425980 ConcurrentGCThread "G1 Main Marker"            [id=2212, stack(0x000000f221e00000,0x000000f221f00000) (1024K)]
  0x000002b65e426e50 WorkerThread "G1 Conc#0"                       [id=13660, stack(0x000000f221f00000,0x000000f222000000) (1024K)]
  0x000002b65e47e940 ConcurrentGCThread "G1 Refine#0"               [id=9172, stack(0x000000f222000000,0x000000f222100000) (1024K)]
  0x000002b67c594670 ConcurrentGCThread "G1 Service"                [id=20152, stack(0x000000f222100000,0x000000f222200000) (1024K)]
Total: 10

Threads with active compile tasks:
C2 CompilerThread0  4260 2030       4       java.lang.invoke.MethodType::makeImpl (109 bytes)
C2 CompilerThread1  4260 2012       4       java.lang.invoke.MethodType::methodType (69 bytes)
Total: 2

VM state: not at safepoint (normal execution)

VM Mutex/Monitor currently owned by a thread: None

Heap address: 0x0000000084000000, size: 1984 MB, Compressed Oops mode: 32-bit

CDS archive(s) mapped at: [0x000002b600000000-0x000002b600d70000-0x000002b600d70000), size 14090240, SharedBaseAddress: 0x000002b600000000, ArchiveRelocationMode: 1.
Compressed class space mapped at: 0x000002b601000000-0x000002b641000000, reserved size: 1073741824
Narrow klass base: 0x000002b600000000, Narrow klass shift: 0, Narrow klass range: 0x41000000

GC Precious Log:
 CardTable entry size: 512
 Card Set container configuration: InlinePtr #cards 5 size 8 Array Of Cards #cards 10 size 36 Howl #buckets 4 coarsen threshold 1843 Howl Bitmap #cards 512 size 80 coarsen threshold 460 Card regions per heap region 1 cards per card region 2048
 CPUs: 4 total, 4 available
 Memory: 7932M
 Large Page Support: Disabled
 NUMA Support: Disabled
 Compressed Oops: Enabled (32-bit)
 Heap Region Size: 1M
 Heap Min Capacity: 8M
 Heap Initial Capacity: 124M
 Heap Max Capacity: 1984M
 Pre-touch: Disabled
 Parallel Workers: 4
 Concurrent Workers: 1
 Concurrent Refinement Workers: 4
 Periodic GC: Disabled

Heap:
 garbage-first heap   total reserved 2031616K, committed 126976K, used 38997K [0x0000000084000000, 0x0000000100000000)
  region size 1024K, 30 young (30720K), 1 survivors (1024K)
 Metaspace       used 11867K, committed 12160K, reserved 1114112K
  class space    used 1520K, committed 1664K, reserved 1048576K

Heap Regions: E=young(eden), S=young(survivor), O=old, HS=humongous(starts), HC=humongous(continues), CS=collection set, F=free, TAMS=top-at-mark-start, PB=parsable bottom
|   0|0x0000000084000000, 0x0000000084100000, 0x0000000084100000|100%|HS|  |TAMS 0x0000000084000000| PB 0x0000000084000000| Complete |  0
|   1|0x0000000084100000, 0x0000000084200000, 0x0000000084200000|100%| O|  |TAMS 0x0000000084100000| PB 0x0000000084100000| Untracked |  0
|   2|0x0000000084200000, 0x0000000084300000, 0x0000000084300000|100%|HS|  |TAMS 0x0000000084200000| PB 0x0000000084200000| Complete |  0
|   3|0x0000000084300000, 0x0000000084400000, 0x0000000084400000|100%| O|  |TAMS 0x0000000084300000| PB 0x0000000084300000| Untracked |  0
|   4|0x0000000084400000, 0x0000000084500000, 0x0000000084500000|100%| O|  |TAMS 0x0000000084400000| PB 0x0000000084400000| Untracked |  0
|   5|0x0000000084500000, 0x0000000084600000, 0x0000000084600000|100%| O|  |TAMS 0x0000000084500000| PB 0x0000000084500000| Untracked |  0
|   6|0x0000000084600000, 0x0000000084700000, 0x0000000084700000|100%| O|  |TAMS 0x0000000084600000| PB 0x0000000084600000| Untracked |  0
|   7|0x0000000084700000, 0x0000000084800000, 0x0000000084800000|100%| O|  |TAMS 0x0000000084700000| PB 0x0000000084700000| Untracked |  0
|   8|0x0000000084800000, 0x0000000084900000, 0x0000000084900000|100%| O|  |TAMS 0x0000000084800000| PB 0x0000000084800000| Untracked |  0
|   9|0x0000000084900000, 0x0000000084962fa0, 0x0000000084a00000| 38%| O|  |TAMS 0x0000000084900000| PB 0x0000000084900000| Untracked |  0
|  10|0x0000000084a00000, 0x0000000084b00000, 0x0000000084b00000|100%|HS|  |TAMS 0x0000000084a00000| PB 0x0000000084a00000| Complete |  0
|  11|0x0000000084b00000, 0x0000000084b00000, 0x0000000084c00000|  0%| F|  |TAMS 0x0000000084b00000| PB 0x0000000084b00000| Untracked |  0
|  12|0x0000000084c00000, 0x0000000084c00000, 0x0000000084d00000|  0%| F|  |TAMS 0x0000000084c00000| PB 0x0000000084c00000| Untracked |  0
|  13|0x0000000084d00000, 0x0000000084d00000, 0x0000000084e00000|  0%| F|  |TAMS 0x0000000084d00000| PB 0x0000000084d00000| Untracked |  0
|  14|0x0000000084e00000, 0x0000000084e00000, 0x0000000084f00000|  0%| F|  |TAMS 0x0000000084e00000| PB 0x0000000084e00000| Untracked |  0
|  15|0x0000000084f00000, 0x0000000084f00000, 0x0000000085000000|  0%| F|  |TAMS 0x0000000084f00000| PB 0x0000000084f00000| Untracked |  0
|  16|0x0000000085000000, 0x0000000085000000, 0x0000000085100000|  0%| F|  |TAMS 0x0000000085000000| PB 0x0000000085000000| Untracked |  0
|  17|0x0000000085100000, 0x0000000085100000, 0x0000000085200000|  0%| F|  |TAMS 0x0000000085100000| PB 0x0000000085100000| Untracked |  0
|  18|0x0000000085200000, 0x0000000085200000, 0x0000000085300000|  0%| F|  |TAMS 0x0000000085200000| PB 0x0000000085200000| Untracked |  0
|  19|0x0000000085300000, 0x0000000085300000, 0x0000000085400000|  0%| F|  |TAMS 0x0000000085300000| PB 0x0000000085300000| Untracked |  0
|  20|0x0000000085400000, 0x0000000085400000, 0x0000000085500000|  0%| F|  |TAMS 0x0000000085400000| PB 0x0000000085400000| Untracked |  0
|  21|0x0000000085500000, 0x0000000085500000, 0x0000000085600000|  0%| F|  |TAMS 0x0000000085500000| PB 0x0000000085500000| Untracked |  0
|  22|0x0000000085600000, 0x0000000085600000, 0x0000000085700000|  0%| F|  |TAMS 0x0000000085600000| PB 0x0000000085600000| Untracked |  0
|  23|0x0000000085700000, 0x0000000085700000, 0x0000000085800000|  0%| F|  |TAMS 0x0000000085700000| PB 0x0000000085700000| Untracked |  0
|  24|0x0000000085800000, 0x0000000085800000, 0x0000000085900000|  0%| F|  |TAMS 0x0000000085800000| PB 0x0000000085800000| Untracked |  0
|  25|0x0000000085900000, 0x0000000085900000, 0x0000000085a00000|  0%| F|  |TAMS 0x0000000085900000| PB 0x0000000085900000| Untracked |  0
|  26|0x0000000085a00000, 0x0000000085a00000, 0x0000000085b00000|  0%| F|  |TAMS 0x0000000085a00000| PB 0x0000000085a00000| Untracked |  0
|  27|0x0000000085b00000, 0x0000000085b00000, 0x0000000085c00000|  0%| F|  |TAMS 0x0000000085b00000| PB 0x0000000085b00000| Untracked |  0
|  28|0x0000000085c00000, 0x0000000085c00000, 0x0000000085d00000|  0%| F|  |TAMS 0x0000000085c00000| PB 0x0000000085c00000| Untracked |  0
|  29|0x0000000085d00000, 0x0000000085d00000, 0x0000000085e00000|  0%| F|  |TAMS 0x0000000085d00000| PB 0x0000000085d00000| Untracked |  0
|  30|0x0000000085e00000, 0x0000000085e00000, 0x0000000085f00000|  0%| F|  |TAMS 0x0000000085e00000| PB 0x0000000085e00000| Untracked |  0
|  31|0x0000000085f00000, 0x0000000085f00000, 0x0000000086000000|  0%| F|  |TAMS 0x0000000085f00000| PB 0x0000000085f00000| Untracked |  0
|  32|0x0000000086000000, 0x0000000086000000, 0x0000000086100000|  0%| F|  |TAMS 0x0000000086000000| PB 0x0000000086000000| Untracked |  0
|  33|0x0000000086100000, 0x0000000086100000, 0x0000000086200000|  0%| F|  |TAMS 0x0000000086100000| PB 0x0000000086100000| Untracked |  0
|  34|0x0000000086200000, 0x0000000086200000, 0x0000000086300000|  0%| F|  |TAMS 0x0000000086200000| PB 0x0000000086200000| Untracked |  0
|  35|0x0000000086300000, 0x0000000086300000, 0x0000000086400000|  0%| F|  |TAMS 0x0000000086300000| PB 0x0000000086300000| Untracked |  0
|  36|0x0000000086400000, 0x0000000086400000, 0x0000000086500000|  0%| F|  |TAMS 0x0000000086400000| PB 0x0000000086400000| Untracked |  0
|  37|0x0000000086500000, 0x0000000086500000, 0x0000000086600000|  0%| F|  |TAMS 0x0000000086500000| PB 0x0000000086500000| Untracked |  0
|  38|0x0000000086600000, 0x0000000086600000, 0x0000000086700000|  0%| F|  |TAMS 0x0000000086600000| PB 0x0000000086600000| Untracked |  0
|  39|0x0000000086700000, 0x0000000086700000, 0x0000000086800000|  0%| F|  |TAMS 0x0000000086700000| PB 0x0000000086700000| Untracked |  0
|  40|0x0000000086800000, 0x0000000086800000, 0x0000000086900000|  0%| F|  |TAMS 0x0000000086800000| PB 0x0000000086800000| Untracked |  0
|  41|0x0000000086900000, 0x0000000086900000, 0x0000000086a00000|  0%| F|  |TAMS 0x0000000086900000| PB 0x0000000086900000| Untracked |  0
|  42|0x0000000086a00000, 0x0000000086a00000, 0x0000000086b00000|  0%| F|  |TAMS 0x0000000086a00000| PB 0x0000000086a00000| Untracked |  0
|  43|0x0000000086b00000, 0x0000000086b00000, 0x0000000086c00000|  0%| F|  |TAMS 0x0000000086b00000| PB 0x0000000086b00000| Untracked |  0
|  44|0x0000000086c00000, 0x0000000086c00000, 0x0000000086d00000|  0%| F|  |TAMS 0x0000000086c00000| PB 0x0000000086c00000| Untracked |  0
|  45|0x0000000086d00000, 0x0000000086d00000, 0x0000000086e00000|  0%| F|  |TAMS 0x0000000086d00000| PB 0x0000000086d00000| Untracked |  0
|  46|0x0000000086e00000, 0x0000000086e00000, 0x0000000086f00000|  0%| F|  |TAMS 0x0000000086e00000| PB 0x0000000086e00000| Untracked |  0
|  47|0x0000000086f00000, 0x0000000086f00000, 0x0000000087000000|  0%| F|  |TAMS 0x0000000086f00000| PB 0x0000000086f00000| Untracked |  0
|  48|0x0000000087000000, 0x0000000087000000, 0x0000000087100000|  0%| F|  |TAMS 0x0000000087000000| PB 0x0000000087000000| Untracked |  0
|  49|0x0000000087100000, 0x0000000087100000, 0x0000000087200000|  0%| F|  |TAMS 0x0000000087100000| PB 0x0000000087100000| Untracked |  0
|  50|0x0000000087200000, 0x0000000087200000, 0x0000000087300000|  0%| F|  |TAMS 0x0000000087200000| PB 0x0000000087200000| Untracked |  0
|  51|0x0000000087300000, 0x0000000087300000, 0x0000000087400000|  0%| F|  |TAMS 0x0000000087300000| PB 0x0000000087300000| Untracked |  0
|  52|0x0000000087400000, 0x0000000087400000, 0x0000000087500000|  0%| F|  |TAMS 0x0000000087400000| PB 0x0000000087400000| Untracked |  0
|  53|0x0000000087500000, 0x0000000087500000, 0x0000000087600000|  0%| F|  |TAMS 0x0000000087500000| PB 0x0000000087500000| Untracked |  0
|  54|0x0000000087600000, 0x0000000087600000, 0x0000000087700000|  0%| F|  |TAMS 0x0000000087600000| PB 0x0000000087600000| Untracked |  0
|  55|0x0000000087700000, 0x0000000087700000, 0x0000000087800000|  0%| F|  |TAMS 0x0000000087700000| PB 0x0000000087700000| Untracked |  0
|  56|0x0000000087800000, 0x0000000087800000, 0x0000000087900000|  0%| F|  |TAMS 0x0000000087800000| PB 0x0000000087800000| Untracked |  0
|  57|0x0000000087900000, 0x0000000087900000, 0x0000000087a00000|  0%| F|  |TAMS 0x0000000087900000| PB 0x0000000087900000| Untracked |  0
|  58|0x0000000087a00000, 0x0000000087a00000, 0x0000000087b00000|  0%| F|  |TAMS 0x0000000087a00000| PB 0x0000000087a00000| Untracked |  0
|  59|0x0000000087b00000, 0x0000000087b00000, 0x0000000087c00000|  0%| F|  |TAMS 0x0000000087b00000| PB 0x0000000087b00000| Untracked |  0
|  60|0x0000000087c00000, 0x0000000087c00000, 0x0000000087d00000|  0%| F|  |TAMS 0x0000000087c00000| PB 0x0000000087c00000| Untracked |  0
|  61|0x0000000087d00000, 0x0000000087d00000, 0x0000000087e00000|  0%| F|  |TAMS 0x0000000087d00000| PB 0x0000000087d00000| Untracked |  0
|  62|0x0000000087e00000, 0x0000000087e00000, 0x0000000087f00000|  0%| F|  |TAMS 0x0000000087e00000| PB 0x0000000087e00000| Untracked |  0
|  63|0x0000000087f00000, 0x0000000087f00000, 0x0000000088000000|  0%| F|  |TAMS 0x0000000087f00000| PB 0x0000000087f00000| Untracked |  0
|  64|0x0000000088000000, 0x0000000088000000, 0x0000000088100000|  0%| F|  |TAMS 0x0000000088000000| PB 0x0000000088000000| Untracked |  0
|  65|0x0000000088100000, 0x0000000088100000, 0x0000000088200000|  0%| F|  |TAMS 0x0000000088100000| PB 0x0000000088100000| Untracked |  0
|  66|0x0000000088200000, 0x0000000088200000, 0x0000000088300000|  0%| F|  |TAMS 0x0000000088200000| PB 0x0000000088200000| Untracked |  0
|  67|0x0000000088300000, 0x0000000088300000, 0x0000000088400000|  0%| F|  |TAMS 0x0000000088300000| PB 0x0000000088300000| Untracked |  0
|  68|0x0000000088400000, 0x0000000088400000, 0x0000000088500000|  0%| F|  |TAMS 0x0000000088400000| PB 0x0000000088400000| Untracked |  0
|  69|0x0000000088500000, 0x0000000088500000, 0x0000000088600000|  0%| F|  |TAMS 0x0000000088500000| PB 0x0000000088500000| Untracked |  0
|  70|0x0000000088600000, 0x0000000088600000, 0x0000000088700000|  0%| F|  |TAMS 0x0000000088600000| PB 0x0000000088600000| Untracked |  0
|  71|0x0000000088700000, 0x0000000088700000, 0x0000000088800000|  0%| F|  |TAMS 0x0000000088700000| PB 0x0000000088700000| Untracked |  0
|  72|0x0000000088800000, 0x0000000088800000, 0x0000000088900000|  0%| F|  |TAMS 0x0000000088800000| PB 0x0000000088800000| Untracked |  0
|  73|0x0000000088900000, 0x0000000088900000, 0x0000000088a00000|  0%| F|  |TAMS 0x0000000088900000| PB 0x0000000088900000| Untracked |  0
|  74|0x0000000088a00000, 0x0000000088a00000, 0x0000000088b00000|  0%| F|  |TAMS 0x0000000088a00000| PB 0x0000000088a00000| Untracked |  0
|  75|0x0000000088b00000, 0x0000000088b00000, 0x0000000088c00000|  0%| F|  |TAMS 0x0000000088b00000| PB 0x0000000088b00000| Untracked |  0
|  76|0x0000000088c00000, 0x0000000088c00000, 0x0000000088d00000|  0%| F|  |TAMS 0x0000000088c00000| PB 0x0000000088c00000| Untracked |  0
|  77|0x0000000088d00000, 0x0000000088d00000, 0x0000000088e00000|  0%| F|  |TAMS 0x0000000088d00000| PB 0x0000000088d00000| Untracked |  0
|  78|0x0000000088e00000, 0x0000000088e00000, 0x0000000088f00000|  0%| F|  |TAMS 0x0000000088e00000| PB 0x0000000088e00000| Untracked |  0
|  79|0x0000000088f00000, 0x0000000088f00000, 0x0000000089000000|  0%| F|  |TAMS 0x0000000088f00000| PB 0x0000000088f00000| Untracked |  0
|  80|0x0000000089000000, 0x0000000089000000, 0x0000000089100000|  0%| F|  |TAMS 0x0000000089000000| PB 0x0000000089000000| Untracked |  0
|  81|0x0000000089100000, 0x0000000089100000, 0x0000000089200000|  0%| F|  |TAMS 0x0000000089100000| PB 0x0000000089100000| Untracked |  0
|  82|0x0000000089200000, 0x0000000089200000, 0x0000000089300000|  0%| F|  |TAMS 0x0000000089200000| PB 0x0000000089200000| Untracked |  0
|  83|0x0000000089300000, 0x0000000089300000, 0x0000000089400000|  0%| F|  |TAMS 0x0000000089300000| PB 0x0000000089300000| Untracked |  0
|  84|0x0000000089400000, 0x0000000089400000, 0x0000000089500000|  0%| F|  |TAMS 0x0000000089400000| PB 0x0000000089400000| Untracked |  0
|  85|0x0000000089500000, 0x0000000089500000, 0x0000000089600000|  0%| F|  |TAMS 0x0000000089500000| PB 0x0000000089500000| Untracked |  0
|  86|0x0000000089600000, 0x0000000089600000, 0x0000000089700000|  0%| F|  |TAMS 0x0000000089600000| PB 0x0000000089600000| Untracked |  0
|  87|0x0000000089700000, 0x0000000089700000, 0x0000000089800000|  0%| F|  |TAMS 0x0000000089700000| PB 0x0000000089700000| Untracked |  0
|  88|0x0000000089800000, 0x0000000089800000, 0x0000000089900000|  0%| F|  |TAMS 0x0000000089800000| PB 0x0000000089800000| Untracked |  0
|  89|0x0000000089900000, 0x0000000089900000, 0x0000000089a00000|  0%| F|  |TAMS 0x0000000089900000| PB 0x0000000089900000| Untracked |  0
|  90|0x0000000089a00000, 0x0000000089a00000, 0x0000000089b00000|  0%| F|  |TAMS 0x0000000089a00000| PB 0x0000000089a00000| Untracked |  0
|  91|0x0000000089b00000, 0x0000000089b00000, 0x0000000089c00000|  0%| F|  |TAMS 0x0000000089b00000| PB 0x0000000089b00000| Untracked |  0
|  92|0x0000000089c00000, 0x0000000089c00000, 0x0000000089d00000|  0%| F|  |TAMS 0x0000000089c00000| PB 0x0000000089c00000| Untracked |  0
|  93|0x0000000089d00000, 0x0000000089d6fe18, 0x0000000089e00000| 43%| E|  |TAMS 0x0000000089d00000| PB 0x0000000089d00000| Complete |  0
|  94|0x0000000089e00000, 0x0000000089f00000, 0x0000000089f00000|100%| E|CS|TAMS 0x0000000089e00000| PB 0x0000000089e00000| Complete |  0
|  95|0x0000000089f00000, 0x000000008a000000, 0x000000008a000000|100%| E|CS|TAMS 0x0000000089f00000| PB 0x0000000089f00000| Complete |  0
|  96|0x000000008a000000, 0x000000008a100000, 0x000000008a100000|100%| E|CS|TAMS 0x000000008a000000| PB 0x000000008a000000| Complete |  1
|  97|0x000000008a100000, 0x000000008a200000, 0x000000008a200000|100%| E|CS|TAMS 0x000000008a100000| PB 0x000000008a100000| Complete |  0
|  98|0x000000008a200000, 0x000000008a300000, 0x000000008a300000|100%| E|CS|TAMS 0x000000008a200000| PB 0x000000008a200000| Complete |  0
|  99|0x000000008a300000, 0x000000008a400000, 0x000000008a400000|100%| E|CS|TAMS 0x000000008a300000| PB 0x000000008a300000| Complete |  0
| 100|0x000000008a400000, 0x000000008a500000, 0x000000008a500000|100%| E|CS|TAMS 0x000000008a400000| PB 0x000000008a400000| Complete |  0
| 101|0x000000008a500000, 0x000000008a600000, 0x000000008a600000|100%| E|CS|TAMS 0x000000008a500000| PB 0x000000008a500000| Complete |  0
| 102|0x000000008a600000, 0x000000008a700000, 0x000000008a700000|100%| E|CS|TAMS 0x000000008a600000| PB 0x000000008a600000| Complete |  0
| 103|0x000000008a700000, 0x000000008a800000, 0x000000008a800000|100%| E|CS|TAMS 0x000000008a700000| PB 0x000000008a700000| Complete |  0
| 104|0x000000008a800000, 0x000000008a900000, 0x000000008a900000|100%| E|CS|TAMS 0x000000008a800000| PB 0x000000008a800000| Complete |  0
| 105|0x000000008a900000, 0x000000008aa00000, 0x000000008aa00000|100%| E|CS|TAMS 0x000000008a900000| PB 0x000000008a900000| Complete |  0
| 106|0x000000008aa00000, 0x000000008ab00000, 0x000000008ab00000|100%| E|CS|TAMS 0x000000008aa00000| PB 0x000000008aa00000| Complete |  0
| 107|0x000000008ab00000, 0x000000008ac00000, 0x000000008ac00000|100%| E|CS|TAMS 0x000000008ab00000| PB 0x000000008ab00000| Complete |  0
| 108|0x000000008ac00000, 0x000000008ad00000, 0x000000008ad00000|100%| E|CS|TAMS 0x000000008ac00000| PB 0x000000008ac00000| Complete |  0
| 109|0x000000008ad00000, 0x000000008ae00000, 0x000000008ae00000|100%| E|CS|TAMS 0x000000008ad00000| PB 0x000000008ad00000| Complete |  0
| 110|0x000000008ae00000, 0x000000008af00000, 0x000000008af00000|100%| E|CS|TAMS 0x000000008ae00000| PB 0x000000008ae00000| Complete |  0
| 111|0x000000008af00000, 0x000000008b000000, 0x000000008b000000|100%| E|CS|TAMS 0x000000008af00000| PB 0x000000008af00000| Complete |  0
| 112|0x000000008b000000, 0x000000008b100000, 0x000000008b100000|100%| E|CS|TAMS 0x000000008b000000| PB 0x000000008b000000| Complete |  0
| 113|0x000000008b100000, 0x000000008b1b25c0, 0x000000008b200000| 69%| S|CS|TAMS 0x000000008b100000| PB 0x000000008b100000| Complete |  0
| 114|0x000000008b200000, 0x000000008b300000, 0x000000008b300000|100%| E|CS|TAMS 0x000000008b200000| PB 0x000000008b200000| Complete |  0
| 115|0x000000008b300000, 0x000000008b400000, 0x000000008b400000|100%| E|CS|TAMS 0x000000008b300000| PB 0x000000008b300000| Complete |  0
| 116|0x000000008b400000, 0x000000008b500000, 0x000000008b500000|100%| E|CS|TAMS 0x000000008b400000| PB 0x000000008b400000| Complete |  0
| 117|0x000000008b500000, 0x000000008b600000, 0x000000008b600000|100%| E|CS|TAMS 0x000000008b500000| PB 0x000000008b500000| Complete |  0
| 118|0x000000008b600000, 0x000000008b700000, 0x000000008b700000|100%| E|CS|TAMS 0x000000008b600000| PB 0x000000008b600000| Complete |  0
| 119|0x000000008b700000, 0x000000008b800000, 0x000000008b800000|100%| E|  |TAMS 0x000000008b700000| PB 0x000000008b700000| Complete |  0
| 120|0x000000008b800000, 0x000000008b900000, 0x000000008b900000|100%| E|CS|TAMS 0x000000008b800000| PB 0x000000008b800000| Complete |  0
| 121|0x000000008b900000, 0x000000008ba00000, 0x000000008ba00000|100%| E|CS|TAMS 0x000000008b900000| PB 0x000000008b900000| Complete |  0
| 122|0x000000008ba00000, 0x000000008bb00000, 0x000000008bb00000|100%| E|CS|TAMS 0x000000008ba00000| PB 0x000000008ba00000| Complete |  0
| 123|0x000000008bb00000, 0x000000008bc00000, 0x000000008bc00000|100%| E|CS|TAMS 0x000000008bb00000| PB 0x000000008bb00000| Complete |  0

Card table byte_map: [0x000002b677df0000,0x000002b6781d0000] _byte_map_base: 0x000002b6779d0000

Marking Bits: (CMBitMap*) 0x000002b65e411a40
 Bits: [0x000002b6781d0000, 0x000002b67a0d0000)

Polling page: 0x000002b65e240000

Metaspace:

Usage:
  Non-class:     10.10 MB used.
      Class:      1.48 MB used.
       Both:     11.59 MB used.

Virtual space:
  Non-class space:       64.00 MB reserved,      10.25 MB ( 16%) committed,  1 nodes.
      Class space:        1.00 GB reserved,       1.62 MB ( <1%) committed,  1 nodes.
             Both:        1.06 GB reserved,      11.88 MB (  1%) committed. 

Chunk freelists:
   Non-Class:  5.61 MB
       Class:  14.36 MB
        Both:  19.97 MB

MaxMetaspaceSize: unlimited
CompressedClassSpaceSize: 1.00 GB
Initial GC threshold: 21.00 MB
Current GC threshold: 21.00 MB
CDS: on
 - commit_granule_bytes: 65536.
 - commit_granule_words: 8192.
 - virtual_space_node_default_size: 8388608.
 - enlarge_chunks_in_place: 1.
 - use_allocation_guard: 0.


Internal statistics:

num_allocs_failed_limit: 0.
num_arena_births: 202.
num_arena_deaths: 0.
num_vsnodes_births: 2.
num_vsnodes_deaths: 0.
num_space_committed: 190.
num_space_uncommitted: 0.
num_chunks_returned_to_freelist: 0.
num_chunks_taken_from_freelist: 641.
num_chunk_merges: 0.
num_chunk_splits: 362.
num_chunks_enlarged: 224.
num_inconsistent_stats: 0.

CodeHeap 'non-profiled nmethods': size=120064Kb used=663Kb max_used=663Kb free=119400Kb
 bounds [0x000002b66feb0000, 0x000002b670120000, 0x000002b6773f0000]
CodeHeap 'profiled nmethods': size=120000Kb used=2946Kb max_used=2946Kb free=117053Kb
 bounds [0x000002b6683f0000, 0x000002b6686e0000, 0x000002b66f920000]
CodeHeap 'non-nmethods': size=5696Kb used=1530Kb max_used=1545Kb free=4165Kb
 bounds [0x000002b66f920000, 0x000002b66fb90000, 0x000002b66feb0000]
CodeCache: size=245760Kb, used=5139Kb, max_used=5154Kb, free=240618Kb
 total_blobs=2579, nmethods=2065, adapters=419, full_count=0
Compilation: enabled, stopped_count=0, restarted_count=0

Compilation events (20 events):
Event: 4.206 Thread 0x000002b67c701d90 2040   !   3       java.lang.invoke.AbstractValidatingLambdaMetafactory::<init> (559 bytes)
Event: 4.210 Thread 0x000002b67c701d90 nmethod 2040 0x000002b6686b8d08 code [0x000002b6686b94e0, 0x000002b6686be2d8]
Event: 4.210 Thread 0x000002b67c701d90 2041       3       java.lang.ThreadLocal::get (35 bytes)
Event: 4.210 Thread 0x000002b67c701d90 nmethod 2041 0x000002b6686be488 code [0x000002b6686be5e0, 0x000002b6686be8c8]
Event: 4.210 Thread 0x000002b67c701d90 2043       3       java.lang.invoke.AbstractValidatingLambdaMetafactory::validateMetafactoryArgs (607 bytes)
Event: 4.214 Thread 0x000002b67c701d90 nmethod 2043 0x000002b6686be908 code [0x000002b6686bf300, 0x000002b6686c6858]
Event: 4.214 Thread 0x000002b67c701d90 2046       3       jdk.internal.org.objectweb.asm.FieldWriter::visitEnd (1 bytes)
Event: 4.214 Thread 0x000002b67c701d90 nmethod 2046 0x000002b6686c6988 code [0x000002b6686c6aa0, 0x000002b6686c6ba8]
Event: 4.214 Thread 0x000002b67c701d90 2036       3       java.lang.invoke.MethodHandles$Lookup::getDirectConstructor (10 bytes)
Event: 4.214 Thread 0x000002b67c701d90 nmethod 2036 0x000002b6686c6c88 code [0x000002b6686c6da0, 0x000002b6686c6ee0]
Event: 4.214 Thread 0x000002b67c701d90 2044   !   3       java.lang.invoke.InnerClassLambdaMetafactory::buildCallSite (150 bytes)
Event: 4.215 Thread 0x000002b67c701d90 nmethod 2044 0x000002b6686c6f88 code [0x000002b6686c7300, 0x000002b6686c8cc8]
Event: 4.215 Thread 0x000002b67c701d90 2045       3       java.lang.invoke.LambdaProxyClassArchive::find (47 bytes)
Event: 4.216 Thread 0x000002b67c701d90 nmethod 2045 0x000002b6686c8d88 code [0x000002b6686c8f20, 0x000002b6686c9638]
Event: 4.216 Thread 0x000002b67c701d90 2042       3       java.lang.invoke.LambdaForm$DMH/0x000002b601038800::invokeStatic (31 bytes)
Event: 4.216 Thread 0x000002b67c701d90 nmethod 2042 0x000002b6686c9688 code [0x000002b6686c97c0, 0x000002b6686c9c10]
Event: 4.216 Thread 0x000002b67c701d90 2048       3       java.lang.invoke.LambdaForm::useCount (61 bytes)
Event: 4.216 Thread 0x000002b67c701d90 nmethod 2048 0x000002b6686c9c88 code [0x000002b6686c9dc0, 0x000002b6686ca0f8]
Event: 4.216 Thread 0x000002b67c701d90 2049       3       jdk.internal.org.objectweb.asm.Type::getDescriptor (93 bytes)
Event: 4.216 Thread 0x000002b67c701d90 nmethod 2049 0x000002b6686ca188 code [0x000002b6686ca360, 0x000002b6686caaa0]

GC Heap History (4 events):
Event: 3.204 GC heap before
{Heap before GC invocations=0 (full 0):
 garbage-first heap   total reserved 2031616K, committed 126976K, used 16384K [0x0000000084000000, 0x0000000100000000)
  region size 1024K, 14 young (14336K), 0 survivors (0K)
 Metaspace       used 2272K, committed 2432K, reserved 1114112K
  class space    used 193K, committed 256K, reserved 1048576K
}
Event: 3.210 GC heap after
{Heap after GC invocations=1 (full 0):
 garbage-first heap   total reserved 2031616K, committed 126976K, used 9536K [0x0000000084000000, 0x0000000100000000)
  region size 1024K, 2 young (2048K), 2 survivors (2048K)
 Metaspace       used 2272K, committed 2432K, reserved 1114112K
  class space    used 193K, committed 256K, reserved 1048576K
}
Event: 3.507 GC heap before
{Heap before GC invocations=1 (full 0):
 garbage-first heap   total reserved 2031616K, committed 126976K, used 19776K [0x0000000084000000, 0x0000000100000000)
  region size 1024K, 12 young (12288K), 2 survivors (2048K)
 Metaspace       used 4696K, committed 4800K, reserved 1114112K
  class space    used 534K, committed 576K, reserved 1048576K
}
Event: 3.510 GC heap after
{Heap after GC invocations=2 (full 0):
 garbage-first heap   total reserved 2031616K, committed 126976K, used 10325K [0x0000000084000000, 0x0000000100000000)
  region size 1024K, 1 young (1024K), 1 survivors (1024K)
 Metaspace       used 4696K, committed 4800K, reserved 1114112K
  class space    used 534K, committed 576K, reserved 1048576K
}

Dll operation events (8 events):
Event: 0.007 Loaded shared library C:\Users\hp\.jdks\openjdk-23.0.1\bin\java.dll
Event: 0.048 Loaded shared library C:\Users\hp\.jdks\openjdk-23.0.1\bin\jsvml.dll
Event: 0.065 Loaded shared library C:\Users\hp\.jdks\openjdk-23.0.1\bin\net.dll
Event: 0.067 Loaded shared library C:\Users\hp\.jdks\openjdk-23.0.1\bin\nio.dll
Event: 0.071 Loaded shared library C:\Users\hp\.jdks\openjdk-23.0.1\bin\zip.dll
Event: 0.194 Loaded shared library C:\Users\hp\.jdks\openjdk-23.0.1\bin\management.dll
Event: 0.203 Loaded shared library C:\Users\hp\.jdks\openjdk-23.0.1\bin\management_ext.dll
Event: 0.227 Loaded shared library C:\Users\hp\.jdks\openjdk-23.0.1\bin\jimage.dll

Deoptimization events (20 events):
Event: 4.030 Thread 0x000002b65e2ad390 DEOPT PACKING pc=0x000002b66ff46da8 sp=0x000000f221cf8610
Event: 4.030 Thread 0x000002b65e2ad390 DEOPT UNPACKING pc=0x000002b66f977982 sp=0x000000f221cf8588 mode 2
Event: 4.031 Thread 0x000002b65e2ad390 Uncommon trap: trap_request=0xffffffde fr.pc=0x000002b66ff46da8 relative=0x0000000000000108
Event: 4.031 Thread 0x000002b65e2ad390 Uncommon trap: reason=class_check action=maybe_recompile pc=0x000002b66ff46da8 method=jdk.internal.misc.Unsafe.allocateUninitializedArray(Ljava/lang/Class;I)Ljava/lang/Object; @ 51 c2
Event: 4.031 Thread 0x000002b65e2ad390 DEOPT PACKING pc=0x000002b66ff46da8 sp=0x000000f221cf87b0
Event: 4.031 Thread 0x000002b65e2ad390 DEOPT UNPACKING pc=0x000002b66f977982 sp=0x000000f221cf8728 mode 2
Event: 4.071 Thread 0x000002b65e2ad390 Uncommon trap: trap_request=0xffffffde fr.pc=0x000002b66ff41394 relative=0x00000000000007f4
Event: 4.071 Thread 0x000002b65e2ad390 Uncommon trap: reason=class_check action=maybe_recompile pc=0x000002b66ff41394 method=java.util.HashMap.putVal(ILjava/lang/Object;Ljava/lang/Object;ZZ)Ljava/lang/Object; @ 203 c2
Event: 4.071 Thread 0x000002b65e2ad390 DEOPT PACKING pc=0x000002b66ff41394 sp=0x000000f221cfbfd0
Event: 4.071 Thread 0x000002b65e2ad390 DEOPT UNPACKING pc=0x000002b66f977982 sp=0x000000f221cfbf50 mode 2
Event: 4.089 Thread 0x000002b65e2ad390 Uncommon trap: trap_request=0xffffff45 fr.pc=0x000002b66ff07c30 relative=0x0000000000000350
Event: 4.089 Thread 0x000002b65e2ad390 Uncommon trap: reason=unstable_if action=reinterpret pc=0x000002b66ff07c30 method=java.lang.StringLatin1.getChars(II[B)I @ 25 c2
Event: 4.089 Thread 0x000002b65e2ad390 DEOPT PACKING pc=0x000002b66ff07c30 sp=0x000000f221cfc840
Event: 4.089 Thread 0x000002b65e2ad390 DEOPT UNPACKING pc=0x000002b66f977982 sp=0x000000f221cfc770 mode 2
Event: 4.117 Thread 0x000002b65e2ad390 Uncommon trap: trap_request=0xffffff45 fr.pc=0x000002b66ff0f0f0 relative=0x00000000000000d0
Event: 4.117 Thread 0x000002b65e2ad390 Uncommon trap: reason=unstable_if action=reinterpret pc=0x000002b66ff0f0f0 method=sun.reflect.generics.parser.SignatureParser.current()C @ 39 c2
Event: 4.117 Thread 0x000002b65e2ad390 DEOPT PACKING pc=0x000002b66ff0f0f0 sp=0x000000f221cfba50
Event: 4.117 Thread 0x000002b65e2ad390 DEOPT UNPACKING pc=0x000002b66f977982 sp=0x000000f221cfb9e8 mode 2
Event: 4.220 Thread 0x000002b65e2ad390 DEOPT PACKING pc=0x000002b66867da4f sp=0x000000f221cfc700
Event: 4.220 Thread 0x000002b65e2ad390 DEOPT UNPACKING pc=0x000002b66f9784c2 sp=0x000000f221cfbbe8 mode 0

Classes loaded (20 events):
Event: 4.154 Loading class java/time/MonthDay
Event: 4.154 Loading class java/time/MonthDay done
Event: 4.158 Loading class sun/reflect/generics/tree/CharSignature
Event: 4.158 Loading class sun/reflect/generics/tree/CharSignature done
Event: 4.159 Loading class sun/reflect/generics/tree/ArrayTypeSignature
Event: 4.159 Loading class sun/reflect/generics/tree/ArrayTypeSignature done
Event: 4.159 Loading class java/net/UnknownHostException
Event: 4.159 Loading class java/net/UnknownHostException done
Event: 4.163 Loading class sun/reflect/generics/tree/ByteSignature
Event: 4.163 Loading class sun/reflect/generics/tree/ByteSignature done
Event: 4.171 Loading class java/util/ConcurrentModificationException
Event: 4.171 Loading class java/util/ConcurrentModificationException done
Event: 4.183 Loading class java/lang/ThreadLocal$SuppliedThreadLocal
Event: 4.183 Loading class java/lang/ThreadLocal$SuppliedThreadLocal done
Event: 4.197 Loading class java/lang/invoke/WrongMethodTypeException
Event: 4.197 Loading class java/lang/invoke/WrongMethodTypeException done
Event: 4.209 Loading class java/util/EventObject
Event: 4.209 Loading class java/util/EventObject done
Event: 4.219 Loading class java/util/ArrayList$ListItr
Event: 4.219 Loading class java/util/ArrayList$ListItr done

Classes unloaded (0 events):
No events

Classes redefined (0 events):
No events

Internal exceptions (20 events):
Event: 3.728 Thread 0x000002b65e2ad390 Exception <a 'java/io/FileNotFoundException'{0x000000008b4802e0}> (0x000000008b4802e0) 
thrown [s\open\src\hotspot\share\prims\jni.cpp, line 520]
Event: 3.746 Thread 0x000002b65e2ad390 Exception <a 'java/lang/NoSuchMethodError'{0x000000008b311728}: 'java.lang.Object java.lang.invoke.DirectMethodHandle$Holder.invokeSpecial(java.lang.Object, java.lang.Object, java.lang.Object, long, java.lang.Object)'> (0x000000008b311728) 
thrown [s\open\src\hotspot\share\interpreter\linkResolver.cpp, line 796]
Event: 3.746 Thread 0x000002b65e2ad390 Exception <a 'java/lang/NoSuchMethodError'{0x000000008b315350}: 'java.lang.Object java.lang.invoke.Invokers$Holder.linkToTargetMethod(java.lang.Object, long, java.lang.Object, java.lang.Object)'> (0x000000008b315350) 
thrown [s\open\src\hotspot\share\interpreter\linkResolver.cpp, line 796]
Event: 3.766 Thread 0x000002b65e2ad390 Implicit null exception at 0x000002b66ff175bd to 0x000002b66ff182f8
Event: 3.839 Thread 0x000002b65e2ad390 Exception <a 'java/lang/NoSuchMethodError'{0x000000008afb9c20}: 'int java.lang.invoke.DirectMethodHandle$Holder.invokeStaticInit(java.lang.Object, java.lang.Object, java.lang.Object)'> (0x000000008afb9c20) 
thrown [s\open\src\hotspot\share\interpreter\linkResolver.cpp, line 796]
Event: 3.862 Thread 0x000002b65e2ad390 Exception <a 'java/lang/NoSuchMethodError'{0x000000008aecac78}: 'int java.lang.invoke.DirectMethodHandle$Holder.invokeInterface(java.lang.Object, java.lang.Object)'> (0x000000008aecac78) 
thrown [s\open\src\hotspot\share\interpreter\linkResolver.cpp, line 796]
Event: 3.885 Thread 0x000002b65e2ad390 Exception <a 'java/lang/NoSuchMethodError'{0x000000008ada49a8}: 'void java.lang.invoke.DirectMethodHandle$Holder.invokeStaticInit(java.lang.Object, java.lang.Object)'> (0x000000008ada49a8) 
thrown [s\open\src\hotspot\share\interpreter\linkResolver.cpp, line 796]
Event: 3.916 Thread 0x000002b65e2ad390 Exception <a 'java/lang/NoSuchMethodError'{0x000000008ac85300}: 'int java.lang.invoke.DirectMethodHandle$Holder.invokeVirtual(java.lang.Object, java.lang.Object, java.lang.Object)'> (0x000000008ac85300) 
thrown [s\open\src\hotspot\share\interpreter\linkResolver.cpp, line 796]
Event: 3.948 Thread 0x000002b65e2ad390 Exception <a 'java/lang/IncompatibleClassChangeError'{0x000000008abfa6e0}: Found class java.lang.Object, but interface was expected> (0x000000008abfa6e0) 
thrown [s\open\src\hotspot\share\interpreter\linkResolver.cpp, line 863]
Event: 4.006 Thread 0x000002b65e2ad390 Exception <a 'java/lang/NoSuchMethodError'{0x000000008a965c90}: 'int java.lang.invoke.DirectMethodHandle$Holder.invokeSpecial(java.lang.Object, java.lang.Object, java.lang.Object, java.lang.Object)'> (0x000000008a965c90) 
thrown [s\open\src\hotspot\share\interpreter\linkResolver.cpp, line 796]
Event: 4.013 Thread 0x000002b65e2ad390 Exception <a 'java/lang/NoSuchMethodError'{0x000000008a982c58}: 'int java.lang.invoke.DirectMethodHandle$Holder.invokeSpecial(java.lang.Object, java.lang.Object, java.lang.Object, java.lang.Object, java.lang.Object)'> (0x000000008a982c58) 
thrown [s\open\src\hotspot\share\interpreter\linkResolver.cpp, line 796]
Event: 4.015 Thread 0x000002b65e2ad390 Exception <a 'java/lang/NoSuchMethodError'{0x000000008a98b598}: 'void java.lang.invoke.DirectMethodHandle$Holder.invokeVirtual(java.lang.Object, java.lang.Object)'> (0x000000008a98b598) 
thrown [s\open\src\hotspot\share\interpreter\linkResolver.cpp, line 796]
Event: 4.096 Thread 0x000002b65e2ad390 Exception <a 'java/lang/NoSuchMethodError'{0x000000008a651888}: 'void java.lang.invoke.DirectMethodHandle$Holder.invokeVirtual(java.lang.Object, java.lang.Object, java.lang.Object, java.lang.Object)'> (0x000000008a651888) 
thrown [s\open\src\hotspot\share\interpreter\linkResolver.cpp, line 796]
Event: 4.175 Thread 0x000002b65e2ad390 Exception <a 'java/lang/NoSuchMethodError'{0x000000008a26d330}: 'java.lang.Object java.lang.invoke.DirectMethodHandle$Holder.newInvokeSpecial(java.lang.Object, java.lang.Object, java.lang.Object, java.lang.Object, java.lang.Object, java.lang.Object, java.lang.Object)'> (0x000000008a26d330) 
thrown [s\open\src\hotspot\share\interpreter\linkResolver.cpp, line 796]
Event: 4.190 Thread 0x000002b65e2ad390 Exception <a 'java/lang/NoClassDefFoundError'{0x000000008a112820}: jakarta/servlet/ServletContext> (0x000000008a112820) 
thrown [s\open\src\hotspot\share\classfile\systemDictionary.cpp, line 302]
Event: 4.200 Thread 0x000002b65e2ad390 Exception <a 'java/lang/NoClassDefFoundError'{0x000000008a159880}: org/springframework/transaction/interceptor/TransactionAttributeSource> (0x000000008a159880) 
thrown [s\open\src\hotspot\share\classfile\systemDictionary.cpp, line 302]
Event: 4.201 Thread 0x000002b65e2ad390 Exception <a 'java/lang/NoClassDefFoundError'{0x000000008a173a60}: org/springframework/transaction/interceptor/TransactionAttribute> (0x000000008a173a60) 
thrown [s\open\src\hotspot\share\classfile\systemDictionary.cpp, line 302]
Event: 4.206 Thread 0x000002b65e2ad390 Exception <a 'java/lang/NoSuchMethodError'{0x000000008a1a3db8}: 'java.lang.Object java.lang.invoke.DirectMethodHandle$Holder.invokeInterface(java.lang.Object, java.lang.Object, java.lang.Object, java.lang.Object)'> (0x000000008a1a3db8) 
thrown [s\open\src\hotspot\share\interpreter\linkResolver.cpp, line 796]
Event: 4.216 Thread 0x000002b65e2ad390 Exception <a 'java/lang/NoSuchMethodError'{0x000000008a1de138}: 'java.lang.Object java.lang.invoke.DirectMethodHandle$Holder.invokeInterface(java.lang.Object, java.lang.Object, java.lang.Object, java.lang.Object, java.lang.Object)'> (0x000000008a1de138) 
thrown [s\open\src\hotspot\share\interpreter\linkResolver.cpp, line 796]
Event: 4.216 Thread 0x000002b65e2ad390 Exception <a 'java/lang/IncompatibleClassChangeError'{0x000000008a1e20c8}: Found class java.lang.Object, but interface was expected> (0x000000008a1e20c8) 
thrown [s\open\src\hotspot\share\interpreter\linkResolver.cpp, line 863]

VM Operations (20 events):
Event: 3.257 Executing VM operation: HandshakeAllThreads (Deoptimize)
Event: 3.257 Executing VM operation: HandshakeAllThreads (Deoptimize) done
Event: 3.391 Executing VM operation: HandshakeAllThreads (Deoptimize)
Event: 3.391 Executing VM operation: HandshakeAllThreads (Deoptimize) done
Event: 3.399 Executing VM operation: HandshakeAllThreads (Deoptimize)
Event: 3.399 Executing VM operation: HandshakeAllThreads (Deoptimize) done
Event: 3.507 Executing VM operation: G1CollectForAllocation (G1 Evacuation Pause)
Event: 3.510 Executing VM operation: G1CollectForAllocation (G1 Evacuation Pause) done
Event: 3.544 Executing VM operation: HandshakeAllThreads (Deoptimize)
Event: 3.544 Executing VM operation: HandshakeAllThreads (Deoptimize) done
Event: 3.555 Executing VM operation: HandshakeAllThreads (Deoptimize)
Event: 3.555 Executing VM operation: HandshakeAllThreads (Deoptimize) done
Event: 3.692 Executing VM operation: HandshakeAllThreads (Deoptimize)
Event: 3.692 Executing VM operation: HandshakeAllThreads (Deoptimize) done
Event: 3.964 Executing VM operation: HandshakeAllThreads (Deoptimize)
Event: 3.964 Executing VM operation: HandshakeAllThreads (Deoptimize) done
Event: 4.093 Executing VM operation: HandshakeAllThreads (Deoptimize)
Event: 4.093 Executing VM operation: HandshakeAllThreads (Deoptimize) done
Event: 4.220 Executing VM operation: HandshakeAllThreads (Deoptimize)
Event: 4.220 Executing VM operation: HandshakeAllThreads (Deoptimize) done

Memory protections (0 events):
No events

Nmethod flushes (0 events):
No events

Events (16 events):
Event: 0.034 Thread 0x000002b65e2ad390 Thread added: 0x000002b65e2ad390
Event: 0.046 Thread 0x000002b65e2ad390 Thread added: 0x000002b67c6ed760
Event: 0.046 Thread 0x000002b65e2ad390 Thread added: 0x000002b67c6ee570
Event: 0.046 Thread 0x000002b65e2ad390 Thread added: 0x000002b67c6f87b0
Event: 0.046 Thread 0x000002b65e2ad390 Thread added: 0x000002b67c6f96b0
Event: 0.046 Thread 0x000002b65e2ad390 Thread added: 0x000002b67c6f0ed0
Event: 0.046 Thread 0x000002b65e2ad390 Thread added: 0x000002b67c6f9e10
Event: 0.047 Thread 0x000002b65e2ad390 Thread added: 0x000002b67c6fcbb0
Event: 0.047 Thread 0x000002b65e2ad390 Thread added: 0x000002b67c701d90
Event: 0.061 Thread 0x000002b65e2ad390 Thread added: 0x000002b645139550
Event: 0.062 Thread 0x000002b65e2ad390 Thread added: 0x000002b64515b000
Event: 0.092 Thread 0x000002b67c6fcbb0 Thread added: 0x000002b64517bbd0
Event: 0.490 Thread 0x000002b64517bbd0 Thread exited: 0x000002b64517bbd0
Event: 3.126 Thread 0x000002b65e2ad390 Thread added: 0x000002b6458b7220
Event: 3.139 Thread 0x000002b65e2ad390 Thread added: 0x000002b64540e4b0
Event: 3.300 Thread 0x000002b67c701d90 Thread added: 0x000002b645c40080


Dynamic libraries:
0x00007ff695720000 - 0x00007ff69572e000 	C:\Users\hp\.jdks\openjdk-23.0.1\bin\java.exe
0x00007ffc776f0000 - 0x00007ffc77907000 	C:\WINDOWS\SYSTEM32\ntdll.dll
0x00007ffc76a30000 - 0x00007ffc76af4000 	C:\WINDOWS\System32\KERNEL32.DLL
0x00007ffc74cc0000 - 0x00007ffc7507a000 	C:\WINDOWS\System32\KERNELBASE.dll
0x00007ffc75080000 - 0x00007ffc75191000 	C:\WINDOWS\System32\ucrtbase.dll
0x00007ffc33ff0000 - 0x00007ffc34007000 	C:\Users\hp\.jdks\openjdk-23.0.1\bin\jli.dll
0x00007ffc32440000 - 0x00007ffc3245b000 	C:\Users\hp\.jdks\openjdk-23.0.1\bin\VCRUNTIME140.dll
0x00007ffc75d00000 - 0x00007ffc75eae000 	C:\WINDOWS\System32\USER32.dll
0x00007ffc58c10000 - 0x00007ffc58ea2000 	C:\WINDOWS\WinSxS\amd64_microsoft.windows.common-controls_6595b64144ccf1df_6.0.22621.4541_none_2710d1c57384c085\COMCTL32.dll
0x00007ffc753b0000 - 0x00007ffc753d6000 	C:\WINDOWS\System32\win32u.dll
0x00007ffc758e0000 - 0x00007ffc75987000 	C:\WINDOWS\System32\msvcrt.dll
0x00007ffc75b40000 - 0x00007ffc75b69000 	C:\WINDOWS\System32\GDI32.dll
0x00007ffc74ba0000 - 0x00007ffc74cbb000 	C:\WINDOWS\System32\gdi32full.dll
0x00007ffc751a0000 - 0x00007ffc7523a000 	C:\WINDOWS\System32\msvcp_win.dll
0x00007ffc77040000 - 0x00007ffc77071000 	C:\WINDOWS\System32\IMM32.DLL
0x00007ffc58b50000 - 0x00007ffc58b5c000 	C:\Users\hp\.jdks\openjdk-23.0.1\bin\vcruntime140_1.dll
0x00007ffbd9d40000 - 0x00007ffbd9dce000 	C:\Users\hp\.jdks\openjdk-23.0.1\bin\msvcp140.dll
0x00007ffba7840000 - 0x00007ffba858f000 	C:\Users\hp\.jdks\openjdk-23.0.1\bin\server\jvm.dll
0x00007ffc77250000 - 0x00007ffc77302000 	C:\WINDOWS\System32\ADVAPI32.dll
0x00007ffc76d30000 - 0x00007ffc76dd7000 	C:\WINDOWS\System32\sechost.dll
0x00007ffc74a70000 - 0x00007ffc74a98000 	C:\WINDOWS\System32\bcrypt.dll
0x00007ffc77080000 - 0x00007ffc77194000 	C:\WINDOWS\System32\RPCRT4.dll
0x00007ffc76f60000 - 0x00007ffc76fd1000 	C:\WINDOWS\System32\WS2_32.dll
0x00007ffc73840000 - 0x00007ffc7388d000 	C:\WINDOWS\SYSTEM32\POWRPROF.dll
0x00007ffc6a3b0000 - 0x00007ffc6a3e4000 	C:\WINDOWS\SYSTEM32\WINMM.dll
0x00007ffc624c0000 - 0x00007ffc624ca000 	C:\WINDOWS\SYSTEM32\VERSION.dll
0x00007ffc73820000 - 0x00007ffc73833000 	C:\WINDOWS\SYSTEM32\UMPDC.dll
0x00007ffc73ae0000 - 0x00007ffc73af8000 	C:\WINDOWS\SYSTEM32\kernel.appcore.dll
0x00007ffc1e760000 - 0x00007ffc1e76a000 	C:\Users\hp\.jdks\openjdk-23.0.1\bin\jimage.dll
0x00007ffc721a0000 - 0x00007ffc723d2000 	C:\WINDOWS\SYSTEM32\DBGHELP.DLL
0x00007ffc77310000 - 0x00007ffc776a1000 	C:\WINDOWS\System32\combase.dll
0x00007ffc75c20000 - 0x00007ffc75cf7000 	C:\WINDOWS\System32\OLEAUT32.dll
0x00007ffc3efd0000 - 0x00007ffc3f002000 	C:\WINDOWS\SYSTEM32\dbgcore.DLL
0x00007ffc74aa0000 - 0x00007ffc74b1b000 	C:\WINDOWS\System32\bcryptPrimitives.dll
0x00007ffbea6c0000 - 0x00007ffbea6de000 	C:\Users\hp\.jdks\openjdk-23.0.1\bin\java.dll
0x00007ffc75990000 - 0x00007ffc75b35000 	C:\WINDOWS\System32\ole32.dll
0x00007ffc75fb0000 - 0x00007ffc76829000 	C:\WINDOWS\System32\SHELL32.dll
0x00007ffc728b0000 - 0x00007ffc731b9000 	C:\WINDOWS\SYSTEM32\windows.storage.dll
0x00007ffc72770000 - 0x00007ffc728af000 	C:\WINDOWS\SYSTEM32\wintypes.dll
0x00007ffc75eb0000 - 0x00007ffc75faa000 	C:\WINDOWS\System32\SHCORE.dll
0x00007ffc76fe0000 - 0x00007ffc7703e000 	C:\WINDOWS\System32\shlwapi.dll
0x00007ffc748e0000 - 0x00007ffc7490b000 	C:\WINDOWS\SYSTEM32\profapi.dll
0x00007ffc1bfb0000 - 0x00007ffc1c087000 	C:\Users\hp\.jdks\openjdk-23.0.1\bin\jsvml.dll
0x00007ffc1d360000 - 0x00007ffc1d370000 	C:\Users\hp\.jdks\openjdk-23.0.1\bin\net.dll
0x00007ffc73f60000 - 0x00007ffc73fc9000 	C:\WINDOWS\system32\mswsock.dll
0x00007ffbe8870000 - 0x00007ffbe8886000 	C:\Users\hp\.jdks\openjdk-23.0.1\bin\nio.dll
0x00007ffbe8d40000 - 0x00007ffbe8d57000 	C:\Users\hp\.jdks\openjdk-23.0.1\bin\zip.dll
0x00007ffc1bc10000 - 0x00007ffc1bc1a000 	C:\Users\hp\.jdks\openjdk-23.0.1\bin\management.dll
0x00007ffc13ed0000 - 0x00007ffc13edb000 	C:\Users\hp\.jdks\openjdk-23.0.1\bin\management_ext.dll
0x00007ffc771a0000 - 0x00007ffc771a8000 	C:\WINDOWS\System32\PSAPI.DLL

dbghelp: loaded successfully - version: 4.0.5 - missing functions: none
symbol engine: initialized successfully - sym options: 0x614 - pdb path: .;C:\Users\hp\.jdks\openjdk-23.0.1\bin;C:\WINDOWS\SYSTEM32;C:\WINDOWS\WinSxS\amd64_microsoft.windows.common-controls_6595b64144ccf1df_6.0.22621.4541_none_2710d1c57384c085;C:\Users\hp\.jdks\openjdk-23.0.1\bin\server

VM Arguments:
java_command: C:\Users\hp\AppData\Local\Temp\surefire5769735401811680704\surefirebooter-20250125125908524_3.jar C:\Users\hp\AppData\Local\Temp\surefire5769735401811680704 2025-01-25T12-59-08_017-jvmRun1 surefire-20250125125908524_1tmp surefire_0-20250125125908524_2tmp
java_class_path (initial): C:\Users\hp\AppData\Local\Temp\surefire5769735401811680704\surefirebooter-20250125125908524_3.jar
Launcher Type: SUN_STANDARD

[Global flags]
     intx CICompilerCount                          = 3                                         {product} {ergonomic}
     uint ConcGCThreads                            = 1                                         {product} {ergonomic}
     uint G1ConcRefinementThreads                  = 4                                         {product} {ergonomic}
   size_t G1HeapRegionSize                         = 1048576                                   {product} {ergonomic}
   size_t InitialHeapSize                          = 130023424                                 {product} {ergonomic}
   size_t MarkStackSize                            = 4194304                                   {product} {ergonomic}
   size_t MarkStackSizeMax                         = 536870912                                 {product} {ergonomic}
   size_t MaxHeapSize                              = 2080374784                                {product} {ergonomic}
   size_t MaxNewSize                               = 1247805440                                {product} {ergonomic}
   size_t MinHeapDeltaBytes                        = 1048576                                   {product} {ergonomic}
   size_t MinHeapSize                              = 8388608                                   {product} {ergonomic}
    uintx NonNMethodCodeHeapSize                   = 5832704                                {pd product} {ergonomic}
    uintx NonProfiledCodeHeapSize                  = 122945536                              {pd product} {ergonomic}
    uintx ProfiledCodeHeapSize                     = 122880000                              {pd product} {ergonomic}
    uintx ReservedCodeCacheSize                    = 251658240                              {pd product} {ergonomic}
     bool SegmentedCodeCache                       = true                                      {product} {ergonomic}
   size_t SoftMaxHeapSize                          = 2080374784                             {manageable} {ergonomic}
     bool UseCompressedOops                        = true                           {product lp64_product} {ergonomic}
     bool UseG1GC                                  = true                                      {product} {ergonomic}
     bool UseLargePagesIndividualAllocation        = false                                  {pd product} {ergonomic}

Logging:
Log output configuration:
 #0: stdout all=warning uptime,level,tags foldmultilines=false
 #1: stderr all=off uptime,level,tags foldmultilines=false

Environment Variables:
JAVA_HOME=C:\Program Files\Java\jdk-19
PATH=C:\app\admin\db_home\bin;C:\Program Files\Common Files\Oracle\Java\javapath;C:\WINDOWS\system32;C:\WINDOWS;C:\WINDOWS\System32\Wbem;C:\WINDOWS\System32\WindowsPowerShell\v1.0\;C:\WINDOWS\System32\OpenSSH\;C:\Program Files\Microsoft SQL Server\Client SDK\ODBC\170\Tools\Binn\;C:\Program Files (x86)\Microsoft SQL Server\150\Tools\Binn\;C:\Program Files\Microsoft SQL Server\150\Tools\Binn\;C:\Program Files\Microsoft SQL Server\150\DTS\Binn\;C:\Program Files\Java\jdk-19\bin;C:\Program Files\Azure Data Studio\bin;C:\WINDOWS\system32;C:\WINDOWS;C:\WINDOWS\System32\Wbem;C:\WINDOWS\System32\WindowsPowerShell\v1.0\;C:\WINDOWS\System32\OpenSSH\;C:\Users\hp\Desktop\h\php;C:\ProgramData\ComposerSetup\bin;C:\Program Files\nodejs\;C:\Program Files\Git\cmd;C:\Users\hp\eclipse\java-2022-09\eclipse;C:\Program Files\Java\jdk-1.8\bin;C:\hadoop-3.3.5\bin;C:\spark-3.4.4\spark-3.4.4-bin-hadoop3\bin;C:\Program Files (x86)\scala\bin;C:\Program Files\Docker\Docker\resources\bin;C:\Users\hp\AppData\Local\Microsoft\WindowsApps;C:\Users\hp\AppData\Local\Programs\Microsoft VS Code\bin;C:\Program Files\Azure Data Studio\bin;C:\Users\hp\AppData\Roaming\Composer\vendor\bin;C:\Users\hp\AppData\Roaming\npm;C:\Program Files\JetBrains\IntelliJ IDEA 2024.2.3\bin;;C:\Program Files\Java\jdk-19\bin;C:\Program Files\Java\jdk-1.8\bin;C:\hadoop-3.3.5\bin;C:\spark-3.4.4\spark-3.4.4-bin-hadoop3\bin;C:\Program Files\apache-maven-3.8.8\bin;
USERNAME=hp
OS=Windows_NT
PROCESSOR_IDENTIFIER=Intel64 Family 6 Model 140 Stepping 1, GenuineIntel
TMP=C:\Users\hp\AppData\Local\Temp
TEMP=C:\Users\hp\AppData\Local\Temp




Periodic native trim disabled

---------------  S Y S T E M  ---------------

OS:
 Windows 11 , 64 bit Build 22621 (10.0.22621.4391)
OS uptime: 2 days 2:21 hours
Hyper-V role detected

CPU: total 4 (initial active 4) (4 cores per cpu, 2 threads per core) family 6 model 140 stepping 1 microcode 0xac, cx8, cmov, fxsr, ht, mmx, 3dnowpref, sse, sse2, sse3, ssse3, sse4.1, sse4.2, popcnt, lzcnt, tsc, tscinvbit, avx, avx2, aes, erms, clmul, bmi1, bmi2, adx, avx512f, avx512dq, avx512cd, avx512bw, avx512vl, sha, fma, vzeroupper, avx512_vpopcntdq, avx512_vpclmulqdq, avx512_vaes, avx512_vnni, clflush, clflushopt, clwb, avx512_vbmi2, avx512_vbmi, hv, rdtscp, rdpid, fsrm, gfni, avx512_bitalg, f16c, cet_ibt, cet_ss, avx512_ifma
Processor Information for the first 4 processors :
  Max Mhz: 2419, Current Mhz: 2419, Mhz Limit: 2419

Memory: 4k page, system-wide physical 7932M (414M free)
TotalPageFile size 15173M (AvailPageFile size 4M)
current process WorkingSet (physical memory assigned to process): 125M, peak: 125M
current process commit charge ("private bytes"): 243M, peak: 243M

vm_info: OpenJDK 64-Bit Server VM (23.0.1+11-39) for windows-amd64 JRE (23.0.1+11-39), built on 2024-09-30T07:20:43Z with MS VC++ 17.6 (VS2022)

END.
